
---- PROCESS STARTING ON: Wed, 06 Mar 2013 14:18:38 +0000 ----

<configparse.ParameterDict instance at 0x1e82b00>
To be detected: vision/colorblob/rag4_targets.pkl
{'outputres': '160x120', 'video_source': 'naovideo', 'trainable': 'True', 'nao': '129.125.178.234', 'denoise_value': 5, 'port': 'Vision_50385', 'host': 'localhost', 'camera': 1, 'frequency': 10, 'targets': 'vision/colorblob/rag4_targets.pkl', 'inputres': '160x120'}
[2013-03-06 15:18:39,224][Borg.Brain.Util.IOPoll] INFO: Using epoll for IO Polls
[2013-03-06 15:18:39,224][Borg.Brain.Util.IOPoll] INFO: Set epoll to Edge Triggered mode
[2013-03-06 15:18:39,225][Borg.Brain.Util.IOManager] DEBUG: Registering disconnected IOWrapper
[2013-03-06 15:18:39,225][Borg.Brain.Util.IOManager] INFO: IOManager started
Traceback (most recent call last):
  File "/home/student/sudo/brain/src/vision/blobdetector_new.py", line 470, in <module>
    tbd = tbd, trainable = trainable, denoise_value = denoise_value, frequency = frequency)
  File "/home/student/sudo/brain/src/vision/blobdetector_new.py", line 60, in __init__
    input_data = open(tbd)
IOError: [Errno 2] No such file or directory: 'vision/colorblob/rag4_targets.pkl'
[2013-03-06 15:18:39,325][Borg.Brain.Util.IOManager] DEBUG: Registering IOWrapper with file descriptor 7
[2013-03-06 15:18:39,325][Borg.Brain.Util.IOManager] INFO: Parent thread ended. Stopping IOManager.
[2013-03-06 15:18:39,325][Borg.Brain.Util.IOManager] DEBUG: Unregistering IOWrapper with file descriptor 7
[2013-03-06 15:18:39,325][Borg.Brain.Util.ThreadedSocket] INFO: Closed Unix Domain Socket connection to /tmp/VideoManager
[2013-03-06 15:18:39,325][Borg.Brain.Util.IOManager] INFO: Closed 1 IOWrappers
[2013-03-06 15:18:39,326][Borg.Brain.Util.IOManager] DEBUG: Savings of wakeup pipe: 0.000000 seconds
[2013-03-06 15:18:39,326][Borg.Brain.Util.IOManager] INFO: IOManager stopped

---- PROCESS STARTING ON: Wed, 06 Mar 2013 14:18:48 +0000 ----

<configparse.ParameterDict instance at 0x215bb00>
To be detected: vision/colorblob/rag4_targets.pkl
{'outputres': '160x120', 'video_source': 'naovideo', 'trainable': 'True', 'nao': '129.125.178.234', 'denoise_value': 5, 'port': 'Vision_50385', 'host': 'localhost', 'camera': 1, 'frequency': 10, 'targets': 'vision/colorblob/rag4_targets.pkl', 'inputres': '160x120'}
[2013-03-06 15:18:48,606][Borg.Brain.Util.IOPoll] INFO: Using epoll for IO Polls
[2013-03-06 15:18:48,606][Borg.Brain.Util.IOPoll] INFO: Set epoll to Edge Triggered mode
[2013-03-06 15:18:48,606][Borg.Brain.Util.IOManager] INFO: IOManager started
[2013-03-06 15:18:48,607][Borg.Brain.Util.IOManager] DEBUG: Registering disconnected IOWrapper
Traceback (most recent call last):
  File "/home/student/sudo/brain/src/vision/blobdetector_new.py", line 470, in <module>
    tbd = tbd, trainable = trainable, denoise_value = denoise_value, frequency = frequency)
  File "/home/student/sudo/brain/src/vision/blobdetector_new.py", line 60, in __init__
    input_data = open(tbd)
IOError: [Errno 2] No such file or directory: 'vision/colorblob/rag4_targets.pkl'
[2013-03-06 15:18:48,806][Borg.Brain.Util.IOManager] DEBUG: Registering IOWrapper with file descriptor 7
[2013-03-06 15:18:48,806][Borg.Brain.Util.IOManager] INFO: Parent thread ended. Stopping IOManager.
[2013-03-06 15:18:48,806][Borg.Brain.Util.IOManager] DEBUG: Unregistering IOWrapper with file descriptor 7
[2013-03-06 15:18:48,807][Borg.Brain.Util.ThreadedSocket] INFO: Closed Unix Domain Socket connection to /tmp/VideoManager
[2013-03-06 15:18:48,807][Borg.Brain.Util.IOManager] INFO: Closed 1 IOWrappers
[2013-03-06 15:18:48,807][Borg.Brain.Util.IOManager] DEBUG: Savings of wakeup pipe: 0.000000 seconds
[2013-03-06 15:18:48,807][Borg.Brain.Util.IOManager] INFO: IOManager stopped

---- PROCESS STARTING ON: Wed, 06 Mar 2013 14:27:14 +0000 ----

<configparse.ParameterDict instance at 0x1495b00>
To be detected: vision/colorblob/rag4_targets.pkl
{'outputres': '160x120', 'video_source': 'naovideo', 'trainable': 'True', 'nao': '129.125.178.234', 'denoise_value': 5, 'port': 'Vision_50433', 'host': 'localhost', 'camera': 1, 'frequency': 10, 'targets': 'vision/colorblob/rag4_targets.pkl', 'inputres': '160x120'}
[2013-03-06 15:27:15,080][Borg.Brain.Util.IOPoll] INFO: Using epoll for IO Polls
[2013-03-06 15:27:15,080][Borg.Brain.Util.IOPoll] INFO: Set epoll to Edge Triggered mode
[2013-03-06 15:27:15,080][Borg.Brain.Util.IOManager] INFO: IOManager started
[2013-03-06 15:27:15,080][Borg.Brain.Util.IOManager] DEBUG: Registering disconnected IOWrapper
Traceback (most recent call last):
  File "/home/student/sudo/brain/src/vision/blobdetector_new.py", line 470, in <module>
    tbd = tbd, trainable = trainable, denoise_value = denoise_value, frequency = frequency)
  File "/home/student/sudo/brain/src/vision/blobdetector_new.py", line 60, in __init__
    input_data = open(tbd)
IOError: [Errno 2] No such file or directory: 'vision/colorblob/rag4_targets.pkl'
[2013-03-06 15:27:15,279][Borg.Brain.Util.IOManager] DEBUG: Registering IOWrapper with file descriptor 7
[2013-03-06 15:27:15,279][Borg.Brain.Util.IOManager] INFO: Parent thread ended. Stopping IOManager.
[2013-03-06 15:27:15,280][Borg.Brain.Util.IOManager] DEBUG: Unregistering IOWrapper with file descriptor 7
[2013-03-06 15:27:15,280][Borg.Brain.Util.ThreadedSocket] INFO: Closed Unix Domain Socket connection to /tmp/VideoManager
[2013-03-06 15:27:15,280][Borg.Brain.Util.IOManager] INFO: Closed 1 IOWrappers
[2013-03-06 15:27:15,281][Borg.Brain.Util.IOManager] DEBUG: Savings of wakeup pipe: 0.000000 seconds
[2013-03-06 15:27:15,281][Borg.Brain.Util.IOManager] INFO: IOManager stopped

---- PROCESS STARTING ON: Wed, 06 Mar 2013 14:27:22 +0000 ----

<configparse.ParameterDict instance at 0x1557b00>
To be detected: vision/colorblob/rag4_targets.pkl
{'outputres': '160x120', 'video_source': 'naovideo', 'trainable': 'True', 'nao': '129.125.178.234', 'denoise_value': 5, 'port': 'Vision_50433', 'host': 'localhost', 'camera': 1, 'frequency': 10, 'targets': 'vision/colorblob/rag4_targets.pkl', 'inputres': '160x120'}
[2013-03-06 15:27:22,388][Borg.Brain.Util.IOPoll] INFO: Using epoll for IO Polls
[2013-03-06 15:27:22,388][Borg.Brain.Util.IOPoll] INFO: Set epoll to Edge Triggered mode
[2013-03-06 15:27:22,388][Borg.Brain.Util.IOManager] INFO: IOManager started
[2013-03-06 15:27:22,389][Borg.Brain.Util.IOManager] DEBUG: Registering disconnected IOWrapper
Traceback (most recent call last):
  File "/home/student/sudo/brain/src/vision/blobdetector_new.py", line 470, in <module>
    tbd = tbd, trainable = trainable, denoise_value = denoise_value, frequency = frequency)
  File "/home/student/sudo/brain/src/vision/blobdetector_new.py", line 60, in __init__
    input_data = open(tbd)
IOError: [Errno 2] No such file or directory: 'vision/colorblob/rag4_targets.pkl'
[2013-03-06 15:27:22,587][Borg.Brain.Util.IOManager] DEBUG: Registering IOWrapper with file descriptor 7
[2013-03-06 15:27:22,588][Borg.Brain.Util.IOManager] INFO: Parent thread ended. Stopping IOManager.
[2013-03-06 15:27:22,588][Borg.Brain.Util.IOManager] DEBUG: Unregistering IOWrapper with file descriptor 7
[2013-03-06 15:27:22,588][Borg.Brain.Util.ThreadedSocket] INFO: Closed Unix Domain Socket connection to /tmp/VideoManager
[2013-03-06 15:27:22,589][Borg.Brain.Util.IOManager] INFO: Closed 1 IOWrappers
[2013-03-06 15:27:22,589][Borg.Brain.Util.IOManager] DEBUG: Savings of wakeup pipe: 0.000000 seconds
[2013-03-06 15:27:22,589][Borg.Brain.Util.IOManager] INFO: IOManager stopped

---- PROCESS STARTING ON: Wed, 06 Mar 2013 14:27:32 +0000 ----

<configparse.ParameterDict instance at 0x307cb00>
To be detected: vision/colorblob/rag4_targets.pkl
{'outputres': '160x120', 'video_source': 'naovideo', 'trainable': 'True', 'nao': '129.125.178.234', 'denoise_value': 5, 'port': 'Vision_50433', 'host': 'localhost', 'camera': 1, 'frequency': 10, 'targets': 'vision/colorblob/rag4_targets.pkl', 'inputres': '160x120'}
[2013-03-06 15:27:32,530][Borg.Brain.Util.IOPoll] INFO: Using epoll for IO Polls
[2013-03-06 15:27:32,530][Borg.Brain.Util.IOPoll] INFO: Set epoll to Edge Triggered mode
[2013-03-06 15:27:32,530][Borg.Brain.Util.IOManager] DEBUG: Registering disconnected IOWrapper
[2013-03-06 15:27:32,535][Borg.Brain.Util.IOManager] INFO: IOManager started
Traceback (most recent call last):
  File "/home/student/sudo/brain/src/vision/blobdetector_new.py", line 470, in <module>
    tbd = tbd, trainable = trainable, denoise_value = denoise_value, frequency = frequency)
  File "/home/student/sudo/brain/src/vision/blobdetector_new.py", line 60, in __init__
    input_data = open(tbd)
IOError: [Errno 2] No such file or directory: 'vision/colorblob/rag4_targets.pkl'
[2013-03-06 15:27:32,729][Borg.Brain.Util.IOManager] DEBUG: Registering IOWrapper with file descriptor 7
[2013-03-06 15:27:32,729][Borg.Brain.Util.IOManager] INFO: Parent thread ended. Stopping IOManager.
[2013-03-06 15:27:32,730][Borg.Brain.Util.IOManager] DEBUG: Unregistering IOWrapper with file descriptor 7
[2013-03-06 15:27:32,730][Borg.Brain.Util.ThreadedSocket] INFO: Closed Unix Domain Socket connection to /tmp/VideoManager
[2013-03-06 15:27:32,730][Borg.Brain.Util.IOManager] INFO: Closed 1 IOWrappers
[2013-03-06 15:27:32,730][Borg.Brain.Util.IOManager] DEBUG: Savings of wakeup pipe: 0.000000 seconds
[2013-03-06 15:27:32,730][Borg.Brain.Util.IOManager] INFO: IOManager stopped

---- PROCESS STARTING ON: Wed, 06 Mar 2013 14:29:43 +0000 ----

<configparse.ParameterDict instance at 0x2d21b00>
To be detected: vision/colorblob/rag4_targets.pkl
{'outputres': '160x120', 'video_source': 'naovideo', 'trainable': 'True', 'nao': '129.125.178.234', 'denoise_value': 5, 'port': 'Vision_50540', 'host': 'localhost', 'camera': 1, 'frequency': 10, 'targets': 'vision/colorblob/rag4_targets.pkl', 'inputres': '160x120'}
[2013-03-06 15:29:44,039][Borg.Brain.Util.IOPoll] INFO: Using epoll for IO Polls
[2013-03-06 15:29:44,039][Borg.Brain.Util.IOPoll] INFO: Set epoll to Edge Triggered mode
[2013-03-06 15:29:44,039][Borg.Brain.Util.IOManager] INFO: IOManager started
[2013-03-06 15:29:44,040][Borg.Brain.Util.IOManager] DEBUG: Registering disconnected IOWrapper
Traceback (most recent call last):
  File "/home/student/sudo/brain/src/vision/blobdetector_new.py", line 470, in <module>
    tbd = tbd, trainable = trainable, denoise_value = denoise_value, frequency = frequency)
  File "/home/student/sudo/brain/src/vision/blobdetector_new.py", line 60, in __init__
    input_data = open(tbd)
IOError: [Errno 2] No such file or directory: 'vision/colorblob/rag4_targets.pkl'
[2013-03-06 15:29:44,238][Borg.Brain.Util.IOManager] DEBUG: Registering IOWrapper with file descriptor 7
[2013-03-06 15:29:44,238][Borg.Brain.Util.IOManager] INFO: Parent thread ended. Stopping IOManager.
[2013-03-06 15:29:44,239][Borg.Brain.Util.IOManager] DEBUG: Unregistering IOWrapper with file descriptor 7
[2013-03-06 15:29:44,239][Borg.Brain.Util.ThreadedSocket] INFO: Closed Unix Domain Socket connection to /tmp/VideoManager
[2013-03-06 15:29:44,239][Borg.Brain.Util.IOManager] INFO: Closed 1 IOWrappers
[2013-03-06 15:29:44,239][Borg.Brain.Util.IOManager] DEBUG: Savings of wakeup pipe: 0.000000 seconds
[2013-03-06 15:29:44,240][Borg.Brain.Util.IOManager] INFO: IOManager stopped

---- PROCESS STARTING ON: Wed, 06 Mar 2013 14:30:17 +0000 ----

<configparse.ParameterDict instance at 0x1b97b00>
To be detected: vision/colorblob/rag4_targets.pkl
{'outputres': '160x120', 'video_source': 'naovideo', 'trainable': 'True', 'nao': '129.125.178.234', 'denoise_value': 5, 'port': 'Vision_51392', 'host': 'localhost', 'camera': 1, 'frequency': 10, 'targets': 'vision/colorblob/rag4_targets.pkl', 'inputres': '160x120'}
[2013-03-06 15:30:17,477][Borg.Brain.Util.IOPoll] INFO: Using epoll for IO Polls
[2013-03-06 15:30:17,477][Borg.Brain.Util.IOPoll] INFO: Set epoll to Edge Triggered mode
[2013-03-06 15:30:17,477][Borg.Brain.Util.IOManager] DEBUG: Registering disconnected IOWrapper
[2013-03-06 15:30:17,477][Borg.Brain.Util.IOManager] INFO: IOManager started
Traceback (most recent call last):
  File "/home/student/sudo/brain/src/vision/blobdetector_new.py", line 470, in <module>
    tbd = tbd, trainable = trainable, denoise_value = denoise_value, frequency = frequency)
  File "/home/student/sudo/brain/src/vision/blobdetector_new.py", line 60, in __init__
    input_data = open(tbd)
IOError: [Errno 2] No such file or directory: 'vision/colorblob/rag4_targets.pkl'
[2013-03-06 15:30:17,676][Borg.Brain.Util.IOManager] DEBUG: Registering IOWrapper with file descriptor 7
[2013-03-06 15:30:17,676][Borg.Brain.Util.IOManager] INFO: Parent thread ended. Stopping IOManager.
[2013-03-06 15:30:17,677][Borg.Brain.Util.IOManager] DEBUG: Unregistering IOWrapper with file descriptor 7
[2013-03-06 15:30:17,677][Borg.Brain.Util.ThreadedSocket] INFO: Closed Unix Domain Socket connection to /tmp/VideoManager
[2013-03-06 15:30:17,678][Borg.Brain.Util.IOManager] INFO: Closed 1 IOWrappers
[2013-03-06 15:30:17,678][Borg.Brain.Util.IOManager] DEBUG: Savings of wakeup pipe: 0.000000 seconds
[2013-03-06 15:30:17,678][Borg.Brain.Util.IOManager] INFO: IOManager stopped

---- PROCESS STARTING ON: Wed, 06 Mar 2013 14:30:28 +0000 ----

<configparse.ParameterDict instance at 0x19dfb00>
To be detected: vision/colorblob/rag4_targets.pkl
{'outputres': '160x120', 'video_source': 'naovideo', 'trainable': 'True', 'nao': '129.125.178.234', 'denoise_value': 5, 'port': 'Vision_51392', 'host': 'localhost', 'camera': 1, 'frequency': 10, 'targets': 'vision/colorblob/rag4_targets.pkl', 'inputres': '160x120'}
[2013-03-06 15:30:28,481][Borg.Brain.Util.IOPoll] INFO: Using epoll for IO Polls
[2013-03-06 15:30:28,481][Borg.Brain.Util.IOPoll] INFO: Set epoll to Edge Triggered mode
[2013-03-06 15:30:28,481][Borg.Brain.Util.IOManager] INFO: IOManager started
[2013-03-06 15:30:28,481][Borg.Brain.Util.IOManager] DEBUG: Registering disconnected IOWrapper
Traceback (most recent call last):
  File "/home/student/sudo/brain/src/vision/blobdetector_new.py", line 470, in <module>
    tbd = tbd, trainable = trainable, denoise_value = denoise_value, frequency = frequency)
  File "/home/student/sudo/brain/src/vision/blobdetector_new.py", line 60, in __init__
    input_data = open(tbd)
IOError: [Errno 2] No such file or directory: 'vision/colorblob/rag4_targets.pkl'
[2013-03-06 15:30:28,680][Borg.Brain.Util.IOManager] DEBUG: Registering IOWrapper with file descriptor 7
[2013-03-06 15:30:28,680][Borg.Brain.Util.IOManager] INFO: Parent thread ended. Stopping IOManager.
[2013-03-06 15:30:28,681][Borg.Brain.Util.IOManager] DEBUG: Unregistering IOWrapper with file descriptor 7
[2013-03-06 15:30:28,681][Borg.Brain.Util.ThreadedSocket] INFO: Closed Unix Domain Socket connection to /tmp/VideoManager
[2013-03-06 15:30:28,681][Borg.Brain.Util.IOManager] INFO: Closed 1 IOWrappers
[2013-03-06 15:30:28,681][Borg.Brain.Util.IOManager] DEBUG: Savings of wakeup pipe: 0.000000 seconds
[2013-03-06 15:30:28,681][Borg.Brain.Util.IOManager] INFO: IOManager stopped

---- PROCESS STARTING ON: Wed, 06 Mar 2013 14:31:30 +0000 ----

<configparse.ParameterDict instance at 0x16f6b00>
To be detected: vision/colorblob/rag4_targets.pkl
{'outputres': '160x120', 'video_source': 'naovideo', 'trainable': 'True', 'nao': '129.125.178.234', 'denoise_value': 5, 'port': 'Vision_50225', 'host': 'localhost', 'camera': 1, 'frequency': 10, 'targets': 'vision/colorblob/rag4_targets.pkl', 'inputres': '160x120'}
[2013-03-06 15:31:30,823][Borg.Brain.Util.IOPoll] INFO: Using epoll for IO Polls
[2013-03-06 15:31:30,823][Borg.Brain.Util.IOPoll] INFO: Set epoll to Edge Triggered mode
[2013-03-06 15:31:30,823][Borg.Brain.Util.IOManager] INFO: IOManager started
[2013-03-06 15:31:30,824][Borg.Brain.Util.IOManager] DEBUG: Registering disconnected IOWrapper
Traceback (most recent call last):
  File "/home/student/sudo/brain/src/vision/blobdetector_new.py", line 470, in <module>
    tbd = tbd, trainable = trainable, denoise_value = denoise_value, frequency = frequency)
  File "/home/student/sudo/brain/src/vision/blobdetector_new.py", line 60, in __init__
    input_data = open(tbd)
IOError: [Errno 2] No such file or directory: 'vision/colorblob/rag4_targets.pkl'
[2013-03-06 15:31:31,022][Borg.Brain.Util.IOManager] DEBUG: Registering IOWrapper with file descriptor 7
[2013-03-06 15:31:31,023][Borg.Brain.Util.IOManager] INFO: Parent thread ended. Stopping IOManager.
[2013-03-06 15:31:31,023][Borg.Brain.Util.IOManager] DEBUG: Unregistering IOWrapper with file descriptor 7
[2013-03-06 15:31:31,024][Borg.Brain.Util.ThreadedSocket] INFO: Closed Unix Domain Socket connection to /tmp/VideoManager
[2013-03-06 15:31:31,024][Borg.Brain.Util.IOManager] INFO: Closed 1 IOWrappers
[2013-03-06 15:31:31,024][Borg.Brain.Util.IOManager] DEBUG: Savings of wakeup pipe: 0.000000 seconds
[2013-03-06 15:31:31,024][Borg.Brain.Util.IOManager] INFO: IOManager stopped

---- PROCESS STARTING ON: Wed, 06 Mar 2013 14:41:20 +0000 ----

<configparse.ParameterDict instance at 0x1b62b00>
To be detected: vision/colorblob/rag4_targets.pkl
{'outputres': '160x120', 'video_source': 'naovideo', 'trainable': 'True', 'nao': '129.125.178.234', 'denoise_value': 5, 'port': 'Vision_50375', 'host': 'localhost', 'camera': 1, 'frequency': 10, 'targets': 'vision/colorblob/rag4_targets.pkl', 'inputres': '160x120'}
[2013-03-06 15:41:20,531][Borg.Brain.Util.IOPoll] INFO: Using epoll for IO Polls
[2013-03-06 15:41:20,531][Borg.Brain.Util.IOPoll] INFO: Set epoll to Edge Triggered mode
[2013-03-06 15:41:20,531][Borg.Brain.Util.IOManager] INFO: IOManager started
[2013-03-06 15:41:20,532][Borg.Brain.Util.IOManager] DEBUG: Registering disconnected IOWrapper
Traceback (most recent call last):
  File "/home/student/sudo/brain/src/vision/blobdetector_new.py", line 470, in <module>
    tbd = tbd, trainable = trainable, denoise_value = denoise_value, frequency = frequency)
  File "/home/student/sudo/brain/src/vision/blobdetector_new.py", line 60, in __init__
    input_data = open(tbd)
IOError: [Errno 2] No such file or directory: 'vision/colorblob/rag4_targets.pkl'
[2013-03-06 15:41:20,730][Borg.Brain.Util.IOManager] DEBUG: Registering IOWrapper with file descriptor 7
[2013-03-06 15:41:20,731][Borg.Brain.Util.IOManager] INFO: Parent thread ended. Stopping IOManager.
[2013-03-06 15:41:20,731][Borg.Brain.Util.IOManager] DEBUG: Unregistering IOWrapper with file descriptor 7
[2013-03-06 15:41:20,732][Borg.Brain.Util.ThreadedSocket] INFO: Closed Unix Domain Socket connection to /tmp/VideoManager
[2013-03-06 15:41:20,732][Borg.Brain.Util.IOManager] INFO: Closed 1 IOWrappers
[2013-03-06 15:41:20,732][Borg.Brain.Util.IOManager] DEBUG: Savings of wakeup pipe: 0.000000 seconds
[2013-03-06 15:41:20,732][Borg.Brain.Util.IOManager] INFO: IOManager stopped

---- PROCESS STARTING ON: Wed, 06 Mar 2013 14:41:30 +0000 ----

<configparse.ParameterDict instance at 0x15d1b00>
To be detected: vision/colorblob/rag4_targets.pkl
{'outputres': '160x120', 'video_source': 'naovideo', 'trainable': 'True', 'nao': '129.125.178.234', 'denoise_value': 5, 'port': 'Vision_50375', 'host': 'localhost', 'camera': 1, 'frequency': 10, 'targets': 'vision/colorblob/rag4_targets.pkl', 'inputres': '160x120'}
[2013-03-06 15:41:30,999][Borg.Brain.Util.IOPoll] INFO: Using epoll for IO Polls
[2013-03-06 15:41:30,999][Borg.Brain.Util.IOPoll] INFO: Set epoll to Edge Triggered mode
[2013-03-06 15:41:31,000][Borg.Brain.Util.IOManager] INFO: IOManager started
[2013-03-06 15:41:31,000][Borg.Brain.Util.IOManager] DEBUG: Registering disconnected IOWrapper
Traceback (most recent call last):
  File "/home/student/sudo/brain/src/vision/blobdetector_new.py", line 470, in <module>
    tbd = tbd, trainable = trainable, denoise_value = denoise_value, frequency = frequency)
  File "/home/student/sudo/brain/src/vision/blobdetector_new.py", line 60, in __init__
    input_data = open(tbd)
IOError: [Errno 2] No such file or directory: 'vision/colorblob/rag4_targets.pkl'
[2013-03-06 15:41:31,199][Borg.Brain.Util.IOManager] DEBUG: Registering IOWrapper with file descriptor 7
[2013-03-06 15:41:31,199][Borg.Brain.Util.IOManager] INFO: Parent thread ended. Stopping IOManager.
[2013-03-06 15:41:31,199][Borg.Brain.Util.IOManager] DEBUG: Unregistering IOWrapper with file descriptor 7
[2013-03-06 15:41:31,199][Borg.Brain.Util.ThreadedSocket] INFO: Closed Unix Domain Socket connection to /tmp/VideoManager
[2013-03-06 15:41:31,199][Borg.Brain.Util.IOManager] INFO: Closed 1 IOWrappers
[2013-03-06 15:41:31,200][Borg.Brain.Util.IOManager] DEBUG: Savings of wakeup pipe: 0.000000 seconds
[2013-03-06 15:41:31,200][Borg.Brain.Util.IOManager] INFO: IOManager stopped

---- PROCESS STARTING ON: Wed, 06 Mar 2013 14:41:42 +0000 ----

<configparse.ParameterDict instance at 0x140ab00>
To be detected: vision/colorblob/rag4_targets.pkl
{'outputres': '160x120', 'video_source': 'naovideo', 'trainable': 'True', 'nao': '129.125.178.234', 'denoise_value': 5, 'port': 'Vision_50375', 'host': 'localhost', 'camera': 1, 'frequency': 10, 'targets': 'vision/colorblob/rag4_targets.pkl', 'inputres': '160x120'}
[2013-03-06 15:41:42,331][Borg.Brain.Util.IOPoll] INFO: Using epoll for IO Polls
[2013-03-06 15:41:42,331][Borg.Brain.Util.IOPoll] INFO: Set epoll to Edge Triggered mode
[2013-03-06 15:41:42,331][Borg.Brain.Util.IOManager] INFO: IOManager started
[2013-03-06 15:41:42,332][Borg.Brain.Util.IOManager] DEBUG: Registering disconnected IOWrapper
Traceback (most recent call last):
  File "/home/student/sudo/brain/src/vision/blobdetector_new.py", line 470, in <module>
    tbd = tbd, trainable = trainable, denoise_value = denoise_value, frequency = frequency)
  File "/home/student/sudo/brain/src/vision/blobdetector_new.py", line 60, in __init__
    input_data = open(tbd)
IOError: [Errno 2] No such file or directory: 'vision/colorblob/rag4_targets.pkl'
[2013-03-06 15:41:42,530][Borg.Brain.Util.IOManager] DEBUG: Registering IOWrapper with file descriptor 7
[2013-03-06 15:41:42,531][Borg.Brain.Util.IOManager] INFO: Parent thread ended. Stopping IOManager.
[2013-03-06 15:41:42,531][Borg.Brain.Util.IOManager] DEBUG: Unregistering IOWrapper with file descriptor 7
[2013-03-06 15:41:42,531][Borg.Brain.Util.ThreadedSocket] INFO: Closed Unix Domain Socket connection to /tmp/VideoManager
[2013-03-06 15:41:42,532][Borg.Brain.Util.IOManager] INFO: Closed 1 IOWrappers
[2013-03-06 15:41:42,532][Borg.Brain.Util.IOManager] DEBUG: Savings of wakeup pipe: 0.000000 seconds
[2013-03-06 15:41:42,532][Borg.Brain.Util.IOManager] INFO: IOManager stopped

---- PROCESS STARTING ON: Wed, 06 Mar 2013 14:44:18 +0000 ----

<configparse.ParameterDict instance at 0x1dc2b00>
To be detected: vision/colorblob/rag4_targets.pkl
{'outputres': '160x120', 'video_source': 'naovideo', 'trainable': 'True', 'nao': '129.125.178.234', 'denoise_value': 5, 'port': 'Vision_50571', 'host': 'localhost', 'camera': 1, 'frequency': 10, 'targets': 'vision/colorblob/rag4_targets.pkl', 'inputres': '160x120'}
[2013-03-06 15:44:18,632][Borg.Brain.Util.IOPoll] INFO: Using epoll for IO Polls
[2013-03-06 15:44:18,632][Borg.Brain.Util.IOPoll] INFO: Set epoll to Edge Triggered mode
[2013-03-06 15:44:18,632][Borg.Brain.Util.IOManager] INFO: IOManager started
[2013-03-06 15:44:18,632][Borg.Brain.Util.IOManager] DEBUG: Registering disconnected IOWrapper
Traceback (most recent call last):
  File "/home/student/sudo/brain/src/vision/blobdetector_new.py", line 470, in <module>
    tbd = tbd, trainable = trainable, denoise_value = denoise_value, frequency = frequency)
  File "/home/student/sudo/brain/src/vision/blobdetector_new.py", line 60, in __init__
    input_data = open(tbd)
IOError: [Errno 2] No such file or directory: 'vision/colorblob/rag4_targets.pkl'
[2013-03-06 15:44:18,831][Borg.Brain.Util.IOManager] DEBUG: Registering IOWrapper with file descriptor 7
[2013-03-06 15:44:18,831][Borg.Brain.Util.IOManager] INFO: Parent thread ended. Stopping IOManager.
[2013-03-06 15:44:18,832][Borg.Brain.Util.IOManager] DEBUG: Unregistering IOWrapper with file descriptor 7
[2013-03-06 15:44:18,832][Borg.Brain.Util.ThreadedSocket] INFO: Closed Unix Domain Socket connection to /tmp/VideoManager
[2013-03-06 15:44:18,832][Borg.Brain.Util.IOManager] INFO: Closed 1 IOWrappers
[2013-03-06 15:44:18,832][Borg.Brain.Util.IOManager] DEBUG: Savings of wakeup pipe: 0.000000 seconds
[2013-03-06 15:44:18,832][Borg.Brain.Util.IOManager] INFO: IOManager stopped

---- PROCESS STARTING ON: Wed, 06 Mar 2013 14:48:40 +0000 ----

<configparse.ParameterDict instance at 0x1820b00>
To be detected: vision/colorblob/rag4_targets.pkl
{'outputres': '160x120', 'video_source': 'naovideo', 'trainable': 'True', 'nao': '129.125.178.234', 'denoise_value': 5, 'port': 'Vision_51750', 'host': 'localhost', 'camera': 1, 'frequency': 10, 'targets': 'vision/colorblob/rag4_targets.pkl', 'inputres': '160x120'}
[2013-03-06 15:48:40,689][Borg.Brain.Util.IOPoll] INFO: Using epoll for IO Polls
[2013-03-06 15:48:40,689][Borg.Brain.Util.IOPoll] INFO: Set epoll to Edge Triggered mode
[2013-03-06 15:48:40,689][Borg.Brain.Util.IOManager] INFO: IOManager started
[2013-03-06 15:48:40,689][Borg.Brain.Util.IOManager] DEBUG: Registering disconnected IOWrapper
Traceback (most recent call last):
  File "/home/student/sudo/brain/src/vision/blobdetector_new.py", line 470, in <module>
    tbd = tbd, trainable = trainable, denoise_value = denoise_value, frequency = frequency)
  File "/home/student/sudo/brain/src/vision/blobdetector_new.py", line 60, in __init__
    input_data = open(tbd)
IOError: [Errno 2] No such file or directory: 'vision/colorblob/rag4_targets.pkl'
[2013-03-06 15:48:40,888][Borg.Brain.Util.IOManager] DEBUG: Registering IOWrapper with file descriptor 7
[2013-03-06 15:48:40,889][Borg.Brain.Util.IOManager] INFO: Parent thread ended. Stopping IOManager.
[2013-03-06 15:48:40,889][Borg.Brain.Util.IOManager] DEBUG: Unregistering IOWrapper with file descriptor 7
[2013-03-06 15:48:40,889][Borg.Brain.Util.ThreadedSocket] INFO: Closed Unix Domain Socket connection to /tmp/VideoManager
[2013-03-06 15:48:40,890][Borg.Brain.Util.IOManager] INFO: Closed 1 IOWrappers
[2013-03-06 15:48:40,890][Borg.Brain.Util.IOManager] DEBUG: Savings of wakeup pipe: 0.000000 seconds
[2013-03-06 15:48:40,890][Borg.Brain.Util.IOManager] INFO: IOManager stopped

---- PROCESS STARTING ON: Wed, 06 Mar 2013 14:50:06 +0000 ----

<configparse.ParameterDict instance at 0x1dc3b00>
To be detected: vision/colorblob/rag4_targets.pkl
{'outputres': '160x120', 'video_source': 'naovideo', 'trainable': 'True', 'nao': '129.125.178.234', 'denoise_value': 5, 'port': 'Vision_51376', 'host': 'localhost', 'camera': 1, 'frequency': 10, 'targets': 'vision/colorblob/rag4_targets.pkl', 'inputres': '160x120'}
[2013-03-06 15:50:06,828][Borg.Brain.Util.IOPoll] INFO: Using epoll for IO Polls
[2013-03-06 15:50:06,828][Borg.Brain.Util.IOPoll] INFO: Set epoll to Edge Triggered mode
[2013-03-06 15:50:06,828][Borg.Brain.Util.IOManager] INFO: IOManager started
[2013-03-06 15:50:06,828][Borg.Brain.Util.IOManager] DEBUG: Registering disconnected IOWrapper
Traceback (most recent call last):
  File "/home/student/sudo/brain/src/vision/blobdetector_new.py", line 470, in <module>
    tbd = tbd, trainable = trainable, denoise_value = denoise_value, frequency = frequency)
  File "/home/student/sudo/brain/src/vision/blobdetector_new.py", line 60, in __init__
    input_data = open(tbd)
IOError: [Errno 2] No such file or directory: 'vision/colorblob/rag4_targets.pkl'
[2013-03-06 15:50:07,027][Borg.Brain.Util.IOManager] DEBUG: Registering IOWrapper with file descriptor 7
[2013-03-06 15:50:07,028][Borg.Brain.Util.IOManager] INFO: Parent thread ended. Stopping IOManager.
[2013-03-06 15:50:07,028][Borg.Brain.Util.IOManager] DEBUG: Unregistering IOWrapper with file descriptor 7
[2013-03-06 15:50:07,029][Borg.Brain.Util.ThreadedSocket] INFO: Closed Unix Domain Socket connection to /tmp/VideoManager
[2013-03-06 15:50:07,029][Borg.Brain.Util.IOManager] INFO: Closed 1 IOWrappers
[2013-03-06 15:50:07,029][Borg.Brain.Util.IOManager] DEBUG: Savings of wakeup pipe: 0.000000 seconds
[2013-03-06 15:50:07,029][Borg.Brain.Util.IOManager] INFO: IOManager stopped

---- PROCESS STARTING ON: Wed, 06 Mar 2013 14:51:12 +0000 ----

<configparse.ParameterDict instance at 0x1be8b00>
To be detected: vision/colorblob/rag4_targets.pkl
{'outputres': '160x120', 'video_source': 'naovideo', 'trainable': 'True', 'nao': '129.125.178.234', 'denoise_value': 5, 'port': 'Vision_50928', 'host': 'localhost', 'camera': 1, 'frequency': 10, 'targets': 'vision/colorblob/rag4_targets.pkl', 'inputres': '160x120'}
[2013-03-06 15:51:12,889][Borg.Brain.Util.IOPoll] INFO: Using epoll for IO Polls
[2013-03-06 15:51:12,889][Borg.Brain.Util.IOPoll] INFO: Set epoll to Edge Triggered mode
[2013-03-06 15:51:12,890][Borg.Brain.Util.IOManager] INFO: IOManager started
[2013-03-06 15:51:12,890][Borg.Brain.Util.IOManager] DEBUG: Registering disconnected IOWrapper
Traceback (most recent call last):
  File "/home/student/sudo/brain/src/vision/blobdetector_new.py", line 470, in <module>
    tbd = tbd, trainable = trainable, denoise_value = denoise_value, frequency = frequency)
  File "/home/student/sudo/brain/src/vision/blobdetector_new.py", line 60, in __init__
    input_data = open(tbd)
IOError: [Errno 2] No such file or directory: 'vision/colorblob/rag4_targets.pkl'
[2013-03-06 15:51:13,089][Borg.Brain.Util.IOManager] DEBUG: Registering IOWrapper with file descriptor 7
[2013-03-06 15:51:13,089][Borg.Brain.Util.IOManager] INFO: Parent thread ended. Stopping IOManager.
[2013-03-06 15:51:13,090][Borg.Brain.Util.IOManager] DEBUG: Unregistering IOWrapper with file descriptor 7
[2013-03-06 15:51:13,090][Borg.Brain.Util.ThreadedSocket] INFO: Closed Unix Domain Socket connection to /tmp/VideoManager
[2013-03-06 15:51:13,090][Borg.Brain.Util.IOManager] INFO: Closed 1 IOWrappers
[2013-03-06 15:51:13,090][Borg.Brain.Util.IOManager] DEBUG: Savings of wakeup pipe: 0.000000 seconds
[2013-03-06 15:51:13,090][Borg.Brain.Util.IOManager] INFO: IOManager stopped

---- PROCESS STARTING ON: Wed, 06 Mar 2013 14:52:03 +0000 ----

<configparse.ParameterDict instance at 0x2bceb00>
To be detected: vision/colorblob/rag4_targets.pkl
{'outputres': '160x120', 'video_source': 'naovideo', 'trainable': 'True', 'nao': '129.125.178.234', 'denoise_value': 5, 'port': 'Vision_51805', 'host': 'localhost', 'camera': 1, 'frequency': 10, 'targets': 'vision/colorblob/rag4_targets.pkl', 'inputres': '160x120'}
[2013-03-06 15:52:03,500][Borg.Brain.Util.IOPoll] INFO: Using epoll for IO Polls
[2013-03-06 15:52:03,500][Borg.Brain.Util.IOPoll] INFO: Set epoll to Edge Triggered mode
[2013-03-06 15:52:03,500][Borg.Brain.Util.IOManager] INFO: IOManager started
[2013-03-06 15:52:03,501][Borg.Brain.Util.IOManager] DEBUG: Registering disconnected IOWrapper
Traceback (most recent call last):
  File "/home/student/sudo/brain/src/vision/blobdetector_new.py", line 470, in <module>
    tbd = tbd, trainable = trainable, denoise_value = denoise_value, frequency = frequency)
  File "/home/student/sudo/brain/src/vision/blobdetector_new.py", line 60, in __init__
    input_data = open(tbd)
IOError: [Errno 2] No such file or directory: 'vision/colorblob/rag4_targets.pkl'
[2013-03-06 15:52:03,700][Borg.Brain.Util.IOManager] DEBUG: Registering IOWrapper with file descriptor 7
[2013-03-06 15:52:03,700][Borg.Brain.Util.IOManager] INFO: Parent thread ended. Stopping IOManager.
[2013-03-06 15:52:03,700][Borg.Brain.Util.IOManager] DEBUG: Unregistering IOWrapper with file descriptor 7
[2013-03-06 15:52:03,701][Borg.Brain.Util.ThreadedSocket] INFO: Closed Unix Domain Socket connection to /tmp/VideoManager
[2013-03-06 15:52:03,701][Borg.Brain.Util.IOManager] INFO: Closed 1 IOWrappers
[2013-03-06 15:52:03,701][Borg.Brain.Util.IOManager] DEBUG: Savings of wakeup pipe: 0.000000 seconds
[2013-03-06 15:52:03,701][Borg.Brain.Util.IOManager] INFO: IOManager stopped

---- PROCESS STARTING ON: Wed, 06 Mar 2013 14:52:14 +0000 ----

<configparse.ParameterDict instance at 0x1be1b00>
To be detected: vision/colorblob/rag4_targets.pkl
{'outputres': '160x120', 'video_source': 'naovideo', 'trainable': 'True', 'nao': '129.125.178.234', 'denoise_value': 5, 'port': 'Vision_51499', 'host': 'localhost', 'camera': 1, 'frequency': 10, 'targets': 'vision/colorblob/rag4_targets.pkl', 'inputres': '160x120'}
[2013-03-06 15:52:14,764][Borg.Brain.Util.IOPoll] INFO: Using epoll for IO Polls
[2013-03-06 15:52:14,764][Borg.Brain.Util.IOPoll] INFO: Set epoll to Edge Triggered mode
[2013-03-06 15:52:14,765][Borg.Brain.Util.IOManager] INFO: IOManager started
[2013-03-06 15:52:14,765][Borg.Brain.Util.IOManager] DEBUG: Registering disconnected IOWrapper
Traceback (most recent call last):
  File "/home/student/sudo/brain/src/vision/blobdetector_new.py", line 470, in <module>
    tbd = tbd, trainable = trainable, denoise_value = denoise_value, frequency = frequency)
  File "/home/student/sudo/brain/src/vision/blobdetector_new.py", line 60, in __init__
    input_data = open(tbd)
IOError: [Errno 2] No such file or directory: 'vision/colorblob/rag4_targets.pkl'
[2013-03-06 15:52:14,964][Borg.Brain.Util.IOManager] DEBUG: Registering IOWrapper with file descriptor 7
[2013-03-06 15:52:14,964][Borg.Brain.Util.IOManager] INFO: Parent thread ended. Stopping IOManager.
[2013-03-06 15:52:14,964][Borg.Brain.Util.IOManager] DEBUG: Unregistering IOWrapper with file descriptor 7
[2013-03-06 15:52:14,965][Borg.Brain.Util.ThreadedSocket] INFO: Closed Unix Domain Socket connection to /tmp/VideoManager
[2013-03-06 15:52:14,965][Borg.Brain.Util.IOManager] INFO: Closed 1 IOWrappers
[2013-03-06 15:52:14,965][Borg.Brain.Util.IOManager] DEBUG: Savings of wakeup pipe: 0.000000 seconds
[2013-03-06 15:52:14,965][Borg.Brain.Util.IOManager] INFO: IOManager stopped

---- PROCESS STARTING ON: Wed, 06 Mar 2013 15:05:13 +0000 ----

<configparse.ParameterDict instance at 0x2b8ab00>
To be detected: vision/colorblob/rag4_targets.pkl
{'outputres': '160x120', 'video_source': 'naovideo', 'trainable': 'True', 'nao': '129.125.178.234', 'denoise_value': 5, 'port': 'Vision_50965', 'host': 'localhost', 'camera': 1, 'frequency': 10, 'targets': 'vision/colorblob/rag4_targets.pkl', 'inputres': '160x120'}
[2013-03-06 16:05:13,459][Borg.Brain.Util.IOPoll] INFO: Using epoll for IO Polls
[2013-03-06 16:05:13,459][Borg.Brain.Util.IOPoll] INFO: Set epoll to Edge Triggered mode
[2013-03-06 16:05:13,459][Borg.Brain.Util.IOManager] INFO: IOManager started
[2013-03-06 16:05:13,460][Borg.Brain.Util.IOManager] DEBUG: Registering disconnected IOWrapper
Traceback (most recent call last):
  File "/home/student/sudo/brain/src/vision/blobdetector_new.py", line 470, in <module>
    tbd = tbd, trainable = trainable, denoise_value = denoise_value, frequency = frequency)
  File "/home/student/sudo/brain/src/vision/blobdetector_new.py", line 60, in __init__
    input_data = open(tbd)
IOError: [Errno 2] No such file or directory: 'vision/colorblob/rag4_targets.pkl'
[2013-03-06 16:05:13,658][Borg.Brain.Util.IOManager] DEBUG: Registering IOWrapper with file descriptor 7
[2013-03-06 16:05:13,659][Borg.Brain.Util.IOManager] INFO: Parent thread ended. Stopping IOManager.
[2013-03-06 16:05:13,659][Borg.Brain.Util.IOManager] DEBUG: Unregistering IOWrapper with file descriptor 7
[2013-03-06 16:05:13,660][Borg.Brain.Util.ThreadedSocket] INFO: Closed Unix Domain Socket connection to /tmp/VideoManager
[2013-03-06 16:05:13,660][Borg.Brain.Util.IOManager] INFO: Closed 1 IOWrappers
[2013-03-06 16:05:13,660][Borg.Brain.Util.IOManager] DEBUG: Savings of wakeup pipe: 0.000000 seconds
[2013-03-06 16:05:13,660][Borg.Brain.Util.IOManager] INFO: IOManager stopped

---- PROCESS STARTING ON: Wed, 06 Mar 2013 15:06:20 +0000 ----

<configparse.ParameterDict instance at 0x2fc1b00>
To be detected: vision/colorblob/rag4_targets.pkl
{'outputres': '160x120', 'video_source': 'naovideo', 'trainable': 'True', 'nao': '129.125.178.234', 'denoise_value': 5, 'port': 'Vision_51156', 'host': 'localhost', 'camera': 1, 'frequency': 10, 'targets': 'vision/colorblob/rag4_targets.pkl', 'inputres': '160x120'}
[2013-03-06 16:06:20,641][Borg.Brain.Util.IOPoll] INFO: Using epoll for IO Polls
[2013-03-06 16:06:20,641][Borg.Brain.Util.IOPoll] INFO: Set epoll to Edge Triggered mode
[2013-03-06 16:06:20,642][Borg.Brain.Util.IOManager] INFO: IOManager started
[2013-03-06 16:06:20,642][Borg.Brain.Util.IOManager] DEBUG: Registering disconnected IOWrapper
Traceback (most recent call last):
  File "/home/student/sudo/brain/src/vision/blobdetector_new.py", line 470, in <module>
    tbd = tbd, trainable = trainable, denoise_value = denoise_value, frequency = frequency)
  File "/home/student/sudo/brain/src/vision/blobdetector_new.py", line 60, in __init__
    input_data = open(tbd)
IOError: [Errno 2] No such file or directory: 'vision/colorblob/rag4_targets.pkl'
[2013-03-06 16:06:20,841][Borg.Brain.Util.IOManager] DEBUG: Registering IOWrapper with file descriptor 7
[2013-03-06 16:06:20,841][Borg.Brain.Util.IOManager] INFO: Parent thread ended. Stopping IOManager.
[2013-03-06 16:06:20,841][Borg.Brain.Util.IOManager] DEBUG: Unregistering IOWrapper with file descriptor 7
[2013-03-06 16:06:20,842][Borg.Brain.Util.ThreadedSocket] INFO: Closed Unix Domain Socket connection to /tmp/VideoManager
[2013-03-06 16:06:20,842][Borg.Brain.Util.IOManager] INFO: Closed 1 IOWrappers
[2013-03-06 16:06:20,842][Borg.Brain.Util.IOManager] DEBUG: Savings of wakeup pipe: 0.000000 seconds
[2013-03-06 16:06:20,842][Borg.Brain.Util.IOManager] INFO: IOManager stopped

---- PROCESS STARTING ON: Wed, 06 Mar 2013 15:06:56 +0000 ----

<configparse.ParameterDict instance at 0x185eb00>
To be detected: vision/colorblob/rag4_targets.pkl
{'outputres': '160x120', 'video_source': 'naovideo', 'trainable': 'True', 'nao': '129.125.178.234', 'denoise_value': 5, 'port': 'Vision_51092', 'host': 'localhost', 'camera': 1, 'frequency': 10, 'targets': 'vision/colorblob/rag4_targets.pkl', 'inputres': '160x120'}
[2013-03-06 16:06:56,650][Borg.Brain.Util.IOPoll] INFO: Using epoll for IO Polls
[2013-03-06 16:06:56,651][Borg.Brain.Util.IOPoll] INFO: Set epoll to Edge Triggered mode
[2013-03-06 16:06:56,651][Borg.Brain.Util.IOManager] INFO: IOManager started
[2013-03-06 16:06:56,651][Borg.Brain.Util.IOManager] DEBUG: Registering disconnected IOWrapper
Traceback (most recent call last):
  File "/home/student/sudo/brain/src/vision/blobdetector_new.py", line 470, in <module>
    tbd = tbd, trainable = trainable, denoise_value = denoise_value, frequency = frequency)
  File "/home/student/sudo/brain/src/vision/blobdetector_new.py", line 60, in __init__
    input_data = open(tbd)
IOError: [Errno 2] No such file or directory: 'vision/colorblob/rag4_targets.pkl'
[2013-03-06 16:06:56,850][Borg.Brain.Util.IOManager] DEBUG: Registering IOWrapper with file descriptor 7
[2013-03-06 16:06:56,850][Borg.Brain.Util.IOManager] INFO: Parent thread ended. Stopping IOManager.
[2013-03-06 16:06:56,851][Borg.Brain.Util.IOManager] DEBUG: Unregistering IOWrapper with file descriptor 7
[2013-03-06 16:06:56,851][Borg.Brain.Util.ThreadedSocket] INFO: Closed Unix Domain Socket connection to /tmp/VideoManager
[2013-03-06 16:06:56,851][Borg.Brain.Util.IOManager] INFO: Closed 1 IOWrappers
[2013-03-06 16:06:56,851][Borg.Brain.Util.IOManager] DEBUG: Savings of wakeup pipe: 0.000000 seconds
[2013-03-06 16:06:56,852][Borg.Brain.Util.IOManager] INFO: IOManager stopped

---- PROCESS STARTING ON: Wed, 06 Mar 2013 15:07:47 +0000 ----

<configparse.ParameterDict instance at 0x1ca2b00>
To be detected: vision/colorblob/rag4_targets.pkl
{'outputres': '160x120', 'video_source': 'naovideo', 'trainable': 'True', 'nao': '129.125.178.234', 'denoise_value': 5, 'port': 'Vision_51048', 'host': 'localhost', 'camera': 1, 'frequency': 10, 'targets': 'vision/colorblob/rag4_targets.pkl', 'inputres': '160x120'}
[2013-03-06 16:07:47,235][Borg.Brain.Util.IOPoll] INFO: Using epoll for IO Polls
[2013-03-06 16:07:47,235][Borg.Brain.Util.IOPoll] INFO: Set epoll to Edge Triggered mode
[2013-03-06 16:07:47,235][Borg.Brain.Util.IOManager] INFO: IOManager started
[2013-03-06 16:07:47,235][Borg.Brain.Util.IOManager] DEBUG: Registering disconnected IOWrapper
Traceback (most recent call last):
  File "/home/student/sudo/brain/src/vision/blobdetector_new.py", line 470, in <module>
    tbd = tbd, trainable = trainable, denoise_value = denoise_value, frequency = frequency)
  File "/home/student/sudo/brain/src/vision/blobdetector_new.py", line 60, in __init__
    input_data = open(tbd)
IOError: [Errno 2] No such file or directory: 'vision/colorblob/rag4_targets.pkl'
[2013-03-06 16:07:47,434][Borg.Brain.Util.IOManager] DEBUG: Registering IOWrapper with file descriptor 7
[2013-03-06 16:07:47,435][Borg.Brain.Util.IOManager] INFO: Parent thread ended. Stopping IOManager.
[2013-03-06 16:07:47,435][Borg.Brain.Util.IOManager] DEBUG: Unregistering IOWrapper with file descriptor 7
[2013-03-06 16:07:47,436][Borg.Brain.Util.ThreadedSocket] INFO: Closed Unix Domain Socket connection to /tmp/VideoManager
[2013-03-06 16:07:47,436][Borg.Brain.Util.IOManager] INFO: Closed 1 IOWrappers
[2013-03-06 16:07:47,436][Borg.Brain.Util.IOManager] DEBUG: Savings of wakeup pipe: 0.000000 seconds
[2013-03-06 16:07:47,436][Borg.Brain.Util.IOManager] INFO: IOManager stopped

---- PROCESS STARTING ON: Wed, 06 Mar 2013 15:07:57 +0000 ----

<configparse.ParameterDict instance at 0x2208b00>
To be detected: vision/colorblob/rag4_targets.pkl
{'outputres': '160x120', 'video_source': 'naovideo', 'trainable': 'True', 'nao': '129.125.178.234', 'denoise_value': 5, 'port': 'Vision_51048', 'host': 'localhost', 'camera': 1, 'frequency': 10, 'targets': 'vision/colorblob/rag4_targets.pkl', 'inputres': '160x120'}
[2013-03-06 16:07:57,751][Borg.Brain.Util.IOPoll] INFO: Using epoll for IO Polls
[2013-03-06 16:07:57,751][Borg.Brain.Util.IOPoll] INFO: Set epoll to Edge Triggered mode
[2013-03-06 16:07:57,751][Borg.Brain.Util.IOManager] INFO: IOManager started
[2013-03-06 16:07:57,752][Borg.Brain.Util.IOManager] DEBUG: Registering disconnected IOWrapper
Traceback (most recent call last):
  File "/home/student/sudo/brain/src/vision/blobdetector_new.py", line 470, in <module>
    tbd = tbd, trainable = trainable, denoise_value = denoise_value, frequency = frequency)
  File "/home/student/sudo/brain/src/vision/blobdetector_new.py", line 60, in __init__
    input_data = open(tbd)
IOError: [Errno 2] No such file or directory: 'vision/colorblob/rag4_targets.pkl'
[2013-03-06 16:07:57,950][Borg.Brain.Util.IOManager] DEBUG: Registering IOWrapper with file descriptor 7
[2013-03-06 16:07:57,951][Borg.Brain.Util.IOManager] INFO: Parent thread ended. Stopping IOManager.
[2013-03-06 16:07:57,951][Borg.Brain.Util.IOManager] DEBUG: Unregistering IOWrapper with file descriptor 7
[2013-03-06 16:07:57,951][Borg.Brain.Util.ThreadedSocket] INFO: Closed Unix Domain Socket connection to /tmp/VideoManager
[2013-03-06 16:07:57,952][Borg.Brain.Util.IOManager] INFO: Closed 1 IOWrappers
[2013-03-06 16:07:57,952][Borg.Brain.Util.IOManager] DEBUG: Savings of wakeup pipe: 0.000000 seconds
[2013-03-06 16:07:57,952][Borg.Brain.Util.IOManager] INFO: IOManager stopped

---- PROCESS STARTING ON: Wed, 06 Mar 2013 15:08:08 +0000 ----

<configparse.ParameterDict instance at 0x2bf3b00>
To be detected: vision/colorblob/rag4_targets.pkl
{'outputres': '160x120', 'video_source': 'naovideo', 'trainable': 'True', 'nao': '129.125.178.234', 'denoise_value': 5, 'port': 'Vision_51048', 'host': 'localhost', 'camera': 1, 'frequency': 10, 'targets': 'vision/colorblob/rag4_targets.pkl', 'inputres': '160x120'}
[2013-03-06 16:08:08,373][Borg.Brain.Util.IOPoll] INFO: Using epoll for IO Polls
[2013-03-06 16:08:08,373][Borg.Brain.Util.IOPoll] INFO: Set epoll to Edge Triggered mode
[2013-03-06 16:08:08,373][Borg.Brain.Util.IOManager] INFO: IOManager started
[2013-03-06 16:08:08,373][Borg.Brain.Util.IOManager] DEBUG: Registering disconnected IOWrapper
Traceback (most recent call last):
  File "/home/student/sudo/brain/src/vision/blobdetector_new.py", line 470, in <module>
    tbd = tbd, trainable = trainable, denoise_value = denoise_value, frequency = frequency)
  File "/home/student/sudo/brain/src/vision/blobdetector_new.py", line 60, in __init__
    input_data = open(tbd)
IOError: [Errno 2] No such file or directory: 'vision/colorblob/rag4_targets.pkl'
[2013-03-06 16:08:08,572][Borg.Brain.Util.IOManager] DEBUG: Registering IOWrapper with file descriptor 7
[2013-03-06 16:08:08,572][Borg.Brain.Util.IOManager] INFO: Parent thread ended. Stopping IOManager.
[2013-03-06 16:08:08,573][Borg.Brain.Util.IOManager] DEBUG: Unregistering IOWrapper with file descriptor 7
[2013-03-06 16:08:08,573][Borg.Brain.Util.ThreadedSocket] INFO: Closed Unix Domain Socket connection to /tmp/VideoManager
[2013-03-06 16:08:08,574][Borg.Brain.Util.IOManager] INFO: Closed 1 IOWrappers
[2013-03-06 16:08:08,574][Borg.Brain.Util.IOManager] DEBUG: Savings of wakeup pipe: 0.000000 seconds
[2013-03-06 16:08:08,574][Borg.Brain.Util.IOManager] INFO: IOManager stopped

---- PROCESS STARTING ON: Wed, 06 Mar 2013 15:09:44 +0000 ----

<configparse.ParameterDict instance at 0x11f2b00>
To be detected: vision/colorblob/rag4_targets.pkl
{'outputres': '160x120', 'video_source': 'naovideo', 'trainable': 'True', 'nao': '129.125.178.234', 'denoise_value': 5, 'port': 'Vision_50164', 'host': 'localhost', 'camera': 1, 'frequency': 10, 'targets': 'vision/colorblob/rag4_targets.pkl', 'inputres': '160x120'}
[2013-03-06 16:09:44,983][Borg.Brain.Util.IOPoll] INFO: Using epoll for IO Polls
[2013-03-06 16:09:44,984][Borg.Brain.Util.IOPoll] INFO: Set epoll to Edge Triggered mode
[2013-03-06 16:09:44,984][Borg.Brain.Util.IOManager] INFO: IOManager started
[2013-03-06 16:09:44,984][Borg.Brain.Util.IOManager] DEBUG: Registering disconnected IOWrapper
Traceback (most recent call last):
  File "/home/student/sudo/brain/src/vision/blobdetector_new.py", line 470, in <module>
    tbd = tbd, trainable = trainable, denoise_value = denoise_value, frequency = frequency)
  File "/home/student/sudo/brain/src/vision/blobdetector_new.py", line 60, in __init__
    input_data = open(tbd)
IOError: [Errno 2] No such file or directory: 'vision/colorblob/rag4_targets.pkl'
[2013-03-06 16:09:45,183][Borg.Brain.Util.IOManager] DEBUG: Registering IOWrapper with file descriptor 7
[2013-03-06 16:09:45,183][Borg.Brain.Util.IOManager] INFO: Parent thread ended. Stopping IOManager.
[2013-03-06 16:09:45,183][Borg.Brain.Util.IOManager] DEBUG: Unregistering IOWrapper with file descriptor 7
[2013-03-06 16:09:45,184][Borg.Brain.Util.ThreadedSocket] INFO: Closed Unix Domain Socket connection to /tmp/VideoManager
[2013-03-06 16:09:45,184][Borg.Brain.Util.IOManager] INFO: Closed 1 IOWrappers
[2013-03-06 16:09:45,184][Borg.Brain.Util.IOManager] DEBUG: Savings of wakeup pipe: 0.000000 seconds
[2013-03-06 16:09:45,184][Borg.Brain.Util.IOManager] INFO: IOManager stopped

---- PROCESS STARTING ON: Wed, 06 Mar 2013 15:09:55 +0000 ----

<configparse.ParameterDict instance at 0x248cb00>
To be detected: vision/colorblob/rag4_targets.pkl
{'outputres': '160x120', 'video_source': 'naovideo', 'trainable': 'True', 'nao': '129.125.178.234', 'denoise_value': 5, 'port': 'Vision_50164', 'host': 'localhost', 'camera': 1, 'frequency': 10, 'targets': 'vision/colorblob/rag4_targets.pkl', 'inputres': '160x120'}
[2013-03-06 16:09:55,505][Borg.Brain.Util.IOPoll] INFO: Using epoll for IO Polls
[2013-03-06 16:09:55,505][Borg.Brain.Util.IOPoll] INFO: Set epoll to Edge Triggered mode
[2013-03-06 16:09:55,505][Borg.Brain.Util.IOManager] DEBUG: Registering disconnected IOWrapper
[2013-03-06 16:09:55,511][Borg.Brain.Util.IOManager] INFO: IOManager started
Traceback (most recent call last):
  File "/home/student/sudo/brain/src/vision/blobdetector_new.py", line 470, in <module>
    tbd = tbd, trainable = trainable, denoise_value = denoise_value, frequency = frequency)
  File "/home/student/sudo/brain/src/vision/blobdetector_new.py", line 60, in __init__
    input_data = open(tbd)
IOError: [Errno 2] No such file or directory: 'vision/colorblob/rag4_targets.pkl'
[2013-03-06 16:09:55,606][Borg.Brain.Util.IOManager] DEBUG: Registering IOWrapper with file descriptor 7
[2013-03-06 16:09:55,606][Borg.Brain.Util.IOManager] INFO: Parent thread ended. Stopping IOManager.
[2013-03-06 16:09:55,606][Borg.Brain.Util.IOManager] DEBUG: Unregistering IOWrapper with file descriptor 7
[2013-03-06 16:09:55,606][Borg.Brain.Util.ThreadedSocket] INFO: Closed Unix Domain Socket connection to /tmp/VideoManager
[2013-03-06 16:09:55,606][Borg.Brain.Util.IOManager] INFO: Closed 1 IOWrappers
[2013-03-06 16:09:55,607][Borg.Brain.Util.IOManager] DEBUG: Savings of wakeup pipe: 0.000000 seconds
[2013-03-06 16:09:55,607][Borg.Brain.Util.IOManager] INFO: IOManager stopped

---- PROCESS STARTING ON: Wed, 06 Mar 2013 15:10:05 +0000 ----

<configparse.ParameterDict instance at 0x2f6db00>
To be detected: vision/colorblob/rag4_targets.pkl
{'outputres': '160x120', 'video_source': 'naovideo', 'trainable': 'True', 'nao': '129.125.178.234', 'denoise_value': 5, 'port': 'Vision_50164', 'host': 'localhost', 'camera': 1, 'frequency': 10, 'targets': 'vision/colorblob/rag4_targets.pkl', 'inputres': '160x120'}
[2013-03-06 16:10:05,508][Borg.Brain.Util.IOPoll] INFO: Using epoll for IO Polls
[2013-03-06 16:10:05,508][Borg.Brain.Util.IOPoll] INFO: Set epoll to Edge Triggered mode
[2013-03-06 16:10:05,508][Borg.Brain.Util.IOManager] INFO: IOManager started
[2013-03-06 16:10:05,509][Borg.Brain.Util.IOManager] DEBUG: Registering disconnected IOWrapper
Traceback (most recent call last):
  File "/home/student/sudo/brain/src/vision/blobdetector_new.py", line 470, in <module>
    tbd = tbd, trainable = trainable, denoise_value = denoise_value, frequency = frequency)
  File "/home/student/sudo/brain/src/vision/blobdetector_new.py", line 60, in __init__
    input_data = open(tbd)
IOError: [Errno 2] No such file or directory: 'vision/colorblob/rag4_targets.pkl'
[2013-03-06 16:10:05,707][Borg.Brain.Util.IOManager] DEBUG: Registering IOWrapper with file descriptor 7
[2013-03-06 16:10:05,707][Borg.Brain.Util.IOManager] INFO: Parent thread ended. Stopping IOManager.
[2013-03-06 16:10:05,708][Borg.Brain.Util.IOManager] DEBUG: Unregistering IOWrapper with file descriptor 7
[2013-03-06 16:10:05,708][Borg.Brain.Util.ThreadedSocket] INFO: Closed Unix Domain Socket connection to /tmp/VideoManager
[2013-03-06 16:10:05,708][Borg.Brain.Util.IOManager] INFO: Closed 1 IOWrappers
[2013-03-06 16:10:05,708][Borg.Brain.Util.IOManager] DEBUG: Savings of wakeup pipe: 0.000000 seconds
[2013-03-06 16:10:05,708][Borg.Brain.Util.IOManager] INFO: IOManager stopped

---- PROCESS STARTING ON: Wed, 06 Mar 2013 15:10:15 +0000 ----

<configparse.ParameterDict instance at 0x2e18b00>
To be detected: vision/colorblob/rag4_targets.pkl
{'outputres': '160x120', 'video_source': 'naovideo', 'trainable': 'True', 'nao': '129.125.178.234', 'denoise_value': 5, 'port': 'Vision_50164', 'host': 'localhost', 'camera': 1, 'frequency': 10, 'targets': 'vision/colorblob/rag4_targets.pkl', 'inputres': '160x120'}
[2013-03-06 16:10:15,534][Borg.Brain.Util.IOPoll] INFO: Using epoll for IO Polls
[2013-03-06 16:10:15,534][Borg.Brain.Util.IOPoll] INFO: Set epoll to Edge Triggered mode
[2013-03-06 16:10:15,535][Borg.Brain.Util.IOManager] INFO: IOManager started
[2013-03-06 16:10:15,535][Borg.Brain.Util.IOManager] DEBUG: Registering disconnected IOWrapper
Traceback (most recent call last):
  File "/home/student/sudo/brain/src/vision/blobdetector_new.py", line 470, in <module>
    tbd = tbd, trainable = trainable, denoise_value = denoise_value, frequency = frequency)
  File "/home/student/sudo/brain/src/vision/blobdetector_new.py", line 60, in __init__
    input_data = open(tbd)
IOError: [Errno 2] No such file or directory: 'vision/colorblob/rag4_targets.pkl'
[2013-03-06 16:10:15,733][Borg.Brain.Util.IOManager] DEBUG: Registering IOWrapper with file descriptor 7
[2013-03-06 16:10:15,734][Borg.Brain.Util.IOManager] INFO: Parent thread ended. Stopping IOManager.
[2013-03-06 16:10:15,734][Borg.Brain.Util.IOManager] DEBUG: Unregistering IOWrapper with file descriptor 7
[2013-03-06 16:10:15,735][Borg.Brain.Util.ThreadedSocket] INFO: Closed Unix Domain Socket connection to /tmp/VideoManager
[2013-03-06 16:10:15,735][Borg.Brain.Util.IOManager] INFO: Closed 1 IOWrappers
[2013-03-06 16:10:15,735][Borg.Brain.Util.IOManager] DEBUG: Savings of wakeup pipe: 0.000000 seconds
[2013-03-06 16:10:15,735][Borg.Brain.Util.IOManager] INFO: IOManager stopped

---- PROCESS STARTING ON: Wed, 06 Mar 2013 15:10:25 +0000 ----

<configparse.ParameterDict instance at 0x2416b00>
To be detected: vision/colorblob/rag4_targets.pkl
{'outputres': '160x120', 'video_source': 'naovideo', 'trainable': 'True', 'nao': '129.125.178.234', 'denoise_value': 5, 'port': 'Vision_50164', 'host': 'localhost', 'camera': 1, 'frequency': 10, 'targets': 'vision/colorblob/rag4_targets.pkl', 'inputres': '160x120'}
[2013-03-06 16:10:25,556][Borg.Brain.Util.IOPoll] INFO: Using epoll for IO Polls
[2013-03-06 16:10:25,556][Borg.Brain.Util.IOPoll] INFO: Set epoll to Edge Triggered mode
[2013-03-06 16:10:25,557][Borg.Brain.Util.IOManager] INFO: IOManager started
[2013-03-06 16:10:25,557][Borg.Brain.Util.IOManager] DEBUG: Registering disconnected IOWrapper
Traceback (most recent call last):
  File "/home/student/sudo/brain/src/vision/blobdetector_new.py", line 470, in <module>
    tbd = tbd, trainable = trainable, denoise_value = denoise_value, frequency = frequency)
  File "/home/student/sudo/brain/src/vision/blobdetector_new.py", line 60, in __init__
    input_data = open(tbd)
IOError: [Errno 2] No such file or directory: 'vision/colorblob/rag4_targets.pkl'
[2013-03-06 16:10:25,755][Borg.Brain.Util.IOManager] DEBUG: Registering IOWrapper with file descriptor 7
[2013-03-06 16:10:25,756][Borg.Brain.Util.IOManager] INFO: Parent thread ended. Stopping IOManager.
[2013-03-06 16:10:25,756][Borg.Brain.Util.IOManager] DEBUG: Unregistering IOWrapper with file descriptor 7
[2013-03-06 16:10:25,756][Borg.Brain.Util.ThreadedSocket] INFO: Closed Unix Domain Socket connection to /tmp/VideoManager
[2013-03-06 16:10:25,756][Borg.Brain.Util.IOManager] INFO: Closed 1 IOWrappers
[2013-03-06 16:10:25,757][Borg.Brain.Util.IOManager] DEBUG: Savings of wakeup pipe: 0.000000 seconds
[2013-03-06 16:10:25,757][Borg.Brain.Util.IOManager] INFO: IOManager stopped

---- PROCESS STARTING ON: Wed, 06 Mar 2013 15:10:35 +0000 ----

<configparse.ParameterDict instance at 0x16a7b00>
To be detected: vision/colorblob/rag4_targets.pkl
{'outputres': '160x120', 'video_source': 'naovideo', 'trainable': 'True', 'nao': '129.125.178.234', 'denoise_value': 5, 'port': 'Vision_50164', 'host': 'localhost', 'camera': 1, 'frequency': 10, 'targets': 'vision/colorblob/rag4_targets.pkl', 'inputres': '160x120'}
[2013-03-06 16:10:35,572][Borg.Brain.Util.IOPoll] INFO: Using epoll for IO Polls
[2013-03-06 16:10:35,572][Borg.Brain.Util.IOPoll] INFO: Set epoll to Edge Triggered mode
[2013-03-06 16:10:35,573][Borg.Brain.Util.IOManager] DEBUG: Registering disconnected IOWrapper
[2013-03-06 16:10:35,573][Borg.Brain.Util.IOManager] INFO: IOManager started
Traceback (most recent call last):
  File "/home/student/sudo/brain/src/vision/blobdetector_new.py", line 470, in <module>
    tbd = tbd, trainable = trainable, denoise_value = denoise_value, frequency = frequency)
  File "/home/student/sudo/brain/src/vision/blobdetector_new.py", line 60, in __init__
    input_data = open(tbd)
IOError: [Errno 2] No such file or directory: 'vision/colorblob/rag4_targets.pkl'
[2013-03-06 16:10:35,673][Borg.Brain.Util.IOManager] DEBUG: Registering IOWrapper with file descriptor 7
[2013-03-06 16:10:35,673][Borg.Brain.Util.IOManager] INFO: Parent thread ended. Stopping IOManager.
[2013-03-06 16:10:35,673][Borg.Brain.Util.IOManager] DEBUG: Unregistering IOWrapper with file descriptor 7
[2013-03-06 16:10:35,674][Borg.Brain.Util.ThreadedSocket] INFO: Closed Unix Domain Socket connection to /tmp/VideoManager
[2013-03-06 16:10:35,674][Borg.Brain.Util.IOManager] INFO: Closed 1 IOWrappers
[2013-03-06 16:10:35,674][Borg.Brain.Util.IOManager] DEBUG: Savings of wakeup pipe: 0.000000 seconds
[2013-03-06 16:10:35,674][Borg.Brain.Util.IOManager] INFO: IOManager stopped

---- PROCESS STARTING ON: Wed, 06 Mar 2013 15:14:16 +0000 ----

<configparse.ParameterDict instance at 0x2deeb00>
To be detected: vision/colorblob/rag4_targets.pkl
{'outputres': '160x120', 'video_source': 'naovideo', 'trainable': 'True', 'nao': '129.125.178.234', 'denoise_value': 5, 'port': 'Vision_51482', 'host': 'localhost', 'camera': 1, 'frequency': 10, 'targets': 'vision/colorblob/rag4_targets.pkl', 'inputres': '160x120'}
[2013-03-06 16:14:16,918][Borg.Brain.Util.IOPoll] INFO: Using epoll for IO Polls
[2013-03-06 16:14:16,918][Borg.Brain.Util.IOPoll] INFO: Set epoll to Edge Triggered mode
[2013-03-06 16:14:16,918][Borg.Brain.Util.IOManager] INFO: IOManager started
[2013-03-06 16:14:16,918][Borg.Brain.Util.IOManager] DEBUG: Registering disconnected IOWrapper
Traceback (most recent call last):
  File "/home/student/sudo/brain/src/vision/blobdetector_new.py", line 470, in <module>
    tbd = tbd, trainable = trainable, denoise_value = denoise_value, frequency = frequency)
  File "/home/student/sudo/brain/src/vision/blobdetector_new.py", line 60, in __init__
    input_data = open(tbd)
IOError: [Errno 2] No such file or directory: 'vision/colorblob/rag4_targets.pkl'
[2013-03-06 16:14:17,117][Borg.Brain.Util.IOManager] DEBUG: Registering IOWrapper with file descriptor 7
[2013-03-06 16:14:17,117][Borg.Brain.Util.IOManager] INFO: Parent thread ended. Stopping IOManager.
[2013-03-06 16:14:17,118][Borg.Brain.Util.IOManager] DEBUG: Unregistering IOWrapper with file descriptor 7
[2013-03-06 16:14:17,118][Borg.Brain.Util.ThreadedSocket] INFO: Closed Unix Domain Socket connection to /tmp/VideoManager
[2013-03-06 16:14:17,118][Borg.Brain.Util.IOManager] INFO: Closed 1 IOWrappers
[2013-03-06 16:14:17,118][Borg.Brain.Util.IOManager] DEBUG: Savings of wakeup pipe: 0.000000 seconds
[2013-03-06 16:14:17,118][Borg.Brain.Util.IOManager] INFO: IOManager stopped

---- PROCESS STARTING ON: Wed, 06 Mar 2013 15:14:27 +0000 ----

<configparse.ParameterDict instance at 0x2da1b00>
To be detected: vision/colorblob/rag4_targets.pkl
{'outputres': '160x120', 'video_source': 'naovideo', 'trainable': 'True', 'nao': '129.125.178.234', 'denoise_value': 5, 'port': 'Vision_51482', 'host': 'localhost', 'camera': 1, 'frequency': 10, 'targets': 'vision/colorblob/rag4_targets.pkl', 'inputres': '160x120'}
[2013-03-06 16:14:27,810][Borg.Brain.Util.IOPoll] INFO: Using epoll for IO Polls
[2013-03-06 16:14:27,810][Borg.Brain.Util.IOPoll] INFO: Set epoll to Edge Triggered mode
[2013-03-06 16:14:27,811][Borg.Brain.Util.IOManager] INFO: IOManager started
[2013-03-06 16:14:27,811][Borg.Brain.Util.IOManager] DEBUG: Registering disconnected IOWrapper
Traceback (most recent call last):
  File "/home/student/sudo/brain/src/vision/blobdetector_new.py", line 470, in <module>
    tbd = tbd, trainable = trainable, denoise_value = denoise_value, frequency = frequency)
  File "/home/student/sudo/brain/src/vision/blobdetector_new.py", line 60, in __init__
    input_data = open(tbd)
IOError: [Errno 2] No such file or directory: 'vision/colorblob/rag4_targets.pkl'
[2013-03-06 16:14:28,010][Borg.Brain.Util.IOManager] DEBUG: Registering IOWrapper with file descriptor 7
[2013-03-06 16:14:28,010][Borg.Brain.Util.IOManager] INFO: Parent thread ended. Stopping IOManager.
[2013-03-06 16:14:28,011][Borg.Brain.Util.IOManager] DEBUG: Unregistering IOWrapper with file descriptor 7
[2013-03-06 16:14:28,011][Borg.Brain.Util.ThreadedSocket] INFO: Closed Unix Domain Socket connection to /tmp/VideoManager
[2013-03-06 16:14:28,011][Borg.Brain.Util.IOManager] INFO: Closed 1 IOWrappers
[2013-03-06 16:14:28,011][Borg.Brain.Util.IOManager] DEBUG: Savings of wakeup pipe: 0.000000 seconds
[2013-03-06 16:14:28,012][Borg.Brain.Util.IOManager] INFO: IOManager stopped

---- PROCESS STARTING ON: Wed, 06 Mar 2013 15:19:24 +0000 ----

<configparse.ParameterDict instance at 0x21acb00>
To be detected: vision/colorblob/rag4_targets.pkl
{'outputres': '160x120', 'video_source': 'naovideo', 'trainable': 'True', 'nao': '129.125.178.234', 'denoise_value': 5, 'port': 'Vision_50759', 'host': 'localhost', 'camera': 1, 'frequency': 10, 'targets': 'vision/colorblob/rag4_targets.pkl', 'inputres': '160x120'}
[2013-03-06 16:19:24,941][Borg.Brain.Util.IOPoll] INFO: Using epoll for IO Polls
[2013-03-06 16:19:24,941][Borg.Brain.Util.IOPoll] INFO: Set epoll to Edge Triggered mode
[2013-03-06 16:19:24,941][Borg.Brain.Util.IOManager] INFO: IOManager started
[2013-03-06 16:19:24,942][Borg.Brain.Util.IOManager] DEBUG: Registering disconnected IOWrapper
Traceback (most recent call last):
  File "/home/student/sudo/brain/src/vision/blobdetector_new.py", line 470, in <module>
    tbd = tbd, trainable = trainable, denoise_value = denoise_value, frequency = frequency)
  File "/home/student/sudo/brain/src/vision/blobdetector_new.py", line 60, in __init__
    input_data = open(tbd)
IOError: [Errno 2] No such file or directory: 'vision/colorblob/rag4_targets.pkl'
[2013-03-06 16:19:25,140][Borg.Brain.Util.IOManager] DEBUG: Registering IOWrapper with file descriptor 7
[2013-03-06 16:19:25,141][Borg.Brain.Util.IOManager] INFO: Parent thread ended. Stopping IOManager.
[2013-03-06 16:19:25,141][Borg.Brain.Util.IOManager] DEBUG: Unregistering IOWrapper with file descriptor 7
[2013-03-06 16:19:25,141][Borg.Brain.Util.ThreadedSocket] INFO: Closed Unix Domain Socket connection to /tmp/VideoManager
[2013-03-06 16:19:25,141][Borg.Brain.Util.IOManager] INFO: Closed 1 IOWrappers
[2013-03-06 16:19:25,142][Borg.Brain.Util.IOManager] DEBUG: Savings of wakeup pipe: 0.000000 seconds
[2013-03-06 16:19:25,142][Borg.Brain.Util.IOManager] INFO: IOManager stopped

---- PROCESS STARTING ON: Wed, 06 Mar 2013 15:19:35 +0000 ----

<configparse.ParameterDict instance at 0x307db00>
To be detected: vision/colorblob/rag4_targets.pkl
{'outputres': '160x120', 'video_source': 'naovideo', 'trainable': 'True', 'nao': '129.125.178.234', 'denoise_value': 5, 'port': 'Vision_50759', 'host': 'localhost', 'camera': 1, 'frequency': 10, 'targets': 'vision/colorblob/rag4_targets.pkl', 'inputres': '160x120'}
[2013-03-06 16:19:35,832][Borg.Brain.Util.IOPoll] INFO: Using epoll for IO Polls
[2013-03-06 16:19:35,832][Borg.Brain.Util.IOPoll] INFO: Set epoll to Edge Triggered mode
[2013-03-06 16:19:35,833][Borg.Brain.Util.IOManager] INFO: IOManager started
[2013-03-06 16:19:35,833][Borg.Brain.Util.IOManager] DEBUG: Registering disconnected IOWrapper
Traceback (most recent call last):
  File "/home/student/sudo/brain/src/vision/blobdetector_new.py", line 470, in <module>
    tbd = tbd, trainable = trainable, denoise_value = denoise_value, frequency = frequency)
  File "/home/student/sudo/brain/src/vision/blobdetector_new.py", line 60, in __init__
    input_data = open(tbd)
IOError: [Errno 2] No such file or directory: 'vision/colorblob/rag4_targets.pkl'
[2013-03-06 16:19:36,031][Borg.Brain.Util.IOManager] DEBUG: Registering IOWrapper with file descriptor 7
[2013-03-06 16:19:36,032][Borg.Brain.Util.IOManager] INFO: Parent thread ended. Stopping IOManager.
[2013-03-06 16:19:36,032][Borg.Brain.Util.IOManager] DEBUG: Unregistering IOWrapper with file descriptor 7
[2013-03-06 16:19:36,033][Borg.Brain.Util.ThreadedSocket] INFO: Closed Unix Domain Socket connection to /tmp/VideoManager
[2013-03-06 16:19:36,033][Borg.Brain.Util.IOManager] INFO: Closed 1 IOWrappers
[2013-03-06 16:19:36,033][Borg.Brain.Util.IOManager] DEBUG: Savings of wakeup pipe: 0.000000 seconds
[2013-03-06 16:19:36,033][Borg.Brain.Util.IOManager] INFO: IOManager stopped

---- PROCESS STARTING ON: Wed, 06 Mar 2013 15:22:32 +0000 ----

<configparse.ParameterDict instance at 0x1555b00>
To be detected: vision/colorblob/rag4_targets.pkl
{'outputres': '160x120', 'video_source': 'naovideo', 'trainable': 'True', 'nao': '129.125.178.233', 'denoise_value': 5, 'port': 'Vision_51778', 'host': 'localhost', 'camera': 1, 'frequency': 10, 'targets': 'vision/colorblob/rag4_targets.pkl', 'inputres': '160x120'}
[2013-03-06 16:22:32,821][Borg.Brain.Util.IOPoll] INFO: Using epoll for IO Polls
[2013-03-06 16:22:32,821][Borg.Brain.Util.IOPoll] INFO: Set epoll to Edge Triggered mode
[2013-03-06 16:22:32,822][Borg.Brain.Util.IOManager] INFO: IOManager started
[2013-03-06 16:22:32,822][Borg.Brain.Util.IOManager] DEBUG: Registering disconnected IOWrapper
Traceback (most recent call last):
  File "/home/student/sudo/brain/src/vision/blobdetector_new.py", line 470, in <module>
    tbd = tbd, trainable = trainable, denoise_value = denoise_value, frequency = frequency)
  File "/home/student/sudo/brain/src/vision/blobdetector_new.py", line 60, in __init__
    input_data = open(tbd)
IOError: [Errno 2] No such file or directory: 'vision/colorblob/rag4_targets.pkl'
[2013-03-06 16:22:33,020][Borg.Brain.Util.IOManager] DEBUG: Registering IOWrapper with file descriptor 7
[2013-03-06 16:22:33,021][Borg.Brain.Util.IOManager] INFO: Parent thread ended. Stopping IOManager.
[2013-03-06 16:22:33,021][Borg.Brain.Util.IOManager] DEBUG: Unregistering IOWrapper with file descriptor 7
[2013-03-06 16:22:33,021][Borg.Brain.Util.ThreadedSocket] INFO: Closed Unix Domain Socket connection to /tmp/VideoManager
[2013-03-06 16:22:33,021][Borg.Brain.Util.IOManager] INFO: Closed 1 IOWrappers
[2013-03-06 16:22:33,021][Borg.Brain.Util.IOManager] DEBUG: Savings of wakeup pipe: 0.000000 seconds
[2013-03-06 16:22:33,021][Borg.Brain.Util.IOManager] INFO: IOManager stopped

---- PROCESS STARTING ON: Wed, 06 Mar 2013 15:28:23 +0000 ----

<configparse.ParameterDict instance at 0x2314b00>
To be detected: vision/colorblob/rag4_targets.pkl
{'outputres': '160x120', 'video_source': 'naovideo', 'trainable': 'True', 'nao': '129.125.178.233', 'denoise_value': 5, 'port': 'Vision_50166', 'host': 'localhost', 'camera': 1, 'frequency': 10, 'targets': 'vision/colorblob/rag4_targets.pkl', 'inputres': '160x120'}
[2013-03-06 16:28:23,874][Borg.Brain.Util.IOPoll] INFO: Using epoll for IO Polls
[2013-03-06 16:28:23,874][Borg.Brain.Util.IOPoll] INFO: Set epoll to Edge Triggered mode
[2013-03-06 16:28:23,875][Borg.Brain.Util.IOManager] INFO: IOManager started
[2013-03-06 16:28:23,875][Borg.Brain.Util.IOManager] DEBUG: Registering disconnected IOWrapper
Traceback (most recent call last):
  File "/home/student/sudo/brain/src/vision/blobdetector_new.py", line 470, in <module>
    tbd = tbd, trainable = trainable, denoise_value = denoise_value, frequency = frequency)
  File "/home/student/sudo/brain/src/vision/blobdetector_new.py", line 60, in __init__
    input_data = open(tbd)
IOError: [Errno 2] No such file or directory: 'vision/colorblob/rag4_targets.pkl'
[2013-03-06 16:28:24,074][Borg.Brain.Util.IOManager] DEBUG: Registering IOWrapper with file descriptor 7
[2013-03-06 16:28:24,074][Borg.Brain.Util.IOManager] INFO: Parent thread ended. Stopping IOManager.
[2013-03-06 16:28:24,074][Borg.Brain.Util.IOManager] DEBUG: Unregistering IOWrapper with file descriptor 7
[2013-03-06 16:28:24,074][Borg.Brain.Util.ThreadedSocket] INFO: Closed Unix Domain Socket connection to /tmp/VideoManager
[2013-03-06 16:28:24,074][Borg.Brain.Util.IOManager] INFO: Closed 1 IOWrappers
[2013-03-06 16:28:24,074][Borg.Brain.Util.IOManager] DEBUG: Savings of wakeup pipe: 0.000000 seconds
[2013-03-06 16:28:24,075][Borg.Brain.Util.IOManager] INFO: IOManager stopped

---- PROCESS STARTING ON: Wed, 06 Mar 2013 15:28:34 +0000 ----

<configparse.ParameterDict instance at 0x29feb00>
To be detected: vision/colorblob/rag4_targets.pkl
{'outputres': '160x120', 'video_source': 'naovideo', 'trainable': 'True', 'nao': '129.125.178.233', 'denoise_value': 5, 'port': 'Vision_50166', 'host': 'localhost', 'camera': 1, 'frequency': 10, 'targets': 'vision/colorblob/rag4_targets.pkl', 'inputres': '160x120'}
[2013-03-06 16:28:34,801][Borg.Brain.Util.IOPoll] INFO: Using epoll for IO Polls
[2013-03-06 16:28:34,801][Borg.Brain.Util.IOPoll] INFO: Set epoll to Edge Triggered mode
[2013-03-06 16:28:34,802][Borg.Brain.Util.IOManager] INFO: IOManager started
[2013-03-06 16:28:34,802][Borg.Brain.Util.IOManager] DEBUG: Registering disconnected IOWrapper
Traceback (most recent call last):
  File "/home/student/sudo/brain/src/vision/blobdetector_new.py", line 470, in <module>
    tbd = tbd, trainable = trainable, denoise_value = denoise_value, frequency = frequency)
  File "/home/student/sudo/brain/src/vision/blobdetector_new.py", line 60, in __init__
    input_data = open(tbd)
IOError: [Errno 2] No such file or directory: 'vision/colorblob/rag4_targets.pkl'
[2013-03-06 16:28:35,001][Borg.Brain.Util.IOManager] DEBUG: Registering IOWrapper with file descriptor 7
[2013-03-06 16:28:35,001][Borg.Brain.Util.IOManager] INFO: Parent thread ended. Stopping IOManager.
[2013-03-06 16:28:35,001][Borg.Brain.Util.IOManager] DEBUG: Unregistering IOWrapper with file descriptor 7
[2013-03-06 16:28:35,001][Borg.Brain.Util.ThreadedSocket] INFO: Closed Unix Domain Socket connection to /tmp/VideoManager
[2013-03-06 16:28:35,001][Borg.Brain.Util.IOManager] INFO: Closed 1 IOWrappers
[2013-03-06 16:28:35,001][Borg.Brain.Util.IOManager] DEBUG: Savings of wakeup pipe: 0.000000 seconds
[2013-03-06 16:28:35,001][Borg.Brain.Util.IOManager] INFO: IOManager stopped

---- PROCESS STARTING ON: Wed, 06 Mar 2013 15:32:08 +0000 ----

<configparse.ParameterDict instance at 0x2d52b00>
To be detected: vision/colorblob/rag4_targets.pkl
{'outputres': '160x120', 'video_source': 'naovideo', 'trainable': 'True', 'nao': '129.125.178.233', 'denoise_value': 5, 'port': 'Vision_51213', 'host': 'localhost', 'camera': 1, 'frequency': 10, 'targets': 'vision/colorblob/rag4_targets.pkl', 'inputres': '160x120'}
[2013-03-06 16:32:08,946][Borg.Brain.Util.IOPoll] INFO: Using epoll for IO Polls
[2013-03-06 16:32:08,946][Borg.Brain.Util.IOPoll] INFO: Set epoll to Edge Triggered mode
[2013-03-06 16:32:08,946][Borg.Brain.Util.IOManager] DEBUG: Registering disconnected IOWrapper
[2013-03-06 16:32:08,959][Borg.Brain.Util.IOManager] INFO: IOManager started
Traceback (most recent call last):
  File "/home/student/sudo/brain/src/vision/blobdetector_new.py", line 470, in <module>
    tbd = tbd, trainable = trainable, denoise_value = denoise_value, frequency = frequency)
  File "/home/student/sudo/brain/src/vision/blobdetector_new.py", line 60, in __init__
    input_data = open(tbd)
IOError: [Errno 2] No such file or directory: 'vision/colorblob/rag4_targets.pkl'
[2013-03-06 16:32:09,145][Borg.Brain.Util.IOManager] DEBUG: Registering IOWrapper with file descriptor 7
[2013-03-06 16:32:09,145][Borg.Brain.Util.IOManager] INFO: Parent thread ended. Stopping IOManager.
[2013-03-06 16:32:09,146][Borg.Brain.Util.IOManager] DEBUG: Unregistering IOWrapper with file descriptor 7
[2013-03-06 16:32:09,146][Borg.Brain.Util.ThreadedSocket] INFO: Closed Unix Domain Socket connection to /tmp/VideoManager
[2013-03-06 16:32:09,146][Borg.Brain.Util.IOManager] INFO: Closed 1 IOWrappers
[2013-03-06 16:32:09,146][Borg.Brain.Util.IOManager] DEBUG: Savings of wakeup pipe: 0.000000 seconds
[2013-03-06 16:32:09,146][Borg.Brain.Util.IOManager] INFO: IOManager stopped

---- PROCESS STARTING ON: Wed, 06 Mar 2013 15:32:19 +0000 ----

<configparse.ParameterDict instance at 0x14d5b00>
To be detected: vision/colorblob/rag4_targets.pkl
{'outputres': '160x120', 'video_source': 'naovideo', 'trainable': 'True', 'nao': '129.125.178.233', 'denoise_value': 5, 'port': 'Vision_51213', 'host': 'localhost', 'camera': 1, 'frequency': 10, 'targets': 'vision/colorblob/rag4_targets.pkl', 'inputres': '160x120'}
[2013-03-06 16:32:19,389][Borg.Brain.Util.IOPoll] INFO: Using epoll for IO Polls
[2013-03-06 16:32:19,389][Borg.Brain.Util.IOPoll] INFO: Set epoll to Edge Triggered mode
[2013-03-06 16:32:19,390][Borg.Brain.Util.IOManager] INFO: IOManager started
[2013-03-06 16:32:19,390][Borg.Brain.Util.IOManager] DEBUG: Registering disconnected IOWrapper
Traceback (most recent call last):
  File "/home/student/sudo/brain/src/vision/blobdetector_new.py", line 470, in <module>
    tbd = tbd, trainable = trainable, denoise_value = denoise_value, frequency = frequency)
  File "/home/student/sudo/brain/src/vision/blobdetector_new.py", line 60, in __init__
    input_data = open(tbd)
IOError: [Errno 2] No such file or directory: 'vision/colorblob/rag4_targets.pkl'
[2013-03-06 16:32:19,588][Borg.Brain.Util.IOManager] DEBUG: Registering IOWrapper with file descriptor 7
[2013-03-06 16:32:19,589][Borg.Brain.Util.IOManager] INFO: Parent thread ended. Stopping IOManager.
[2013-03-06 16:32:19,589][Borg.Brain.Util.IOManager] DEBUG: Unregistering IOWrapper with file descriptor 7
[2013-03-06 16:32:19,589][Borg.Brain.Util.ThreadedSocket] INFO: Closed Unix Domain Socket connection to /tmp/VideoManager
[2013-03-06 16:32:19,589][Borg.Brain.Util.IOManager] INFO: Closed 1 IOWrappers
[2013-03-06 16:32:19,589][Borg.Brain.Util.IOManager] DEBUG: Savings of wakeup pipe: 0.000000 seconds
[2013-03-06 16:32:19,589][Borg.Brain.Util.IOManager] INFO: IOManager stopped

---- PROCESS STARTING ON: Wed, 06 Mar 2013 15:32:29 +0000 ----

<configparse.ParameterDict instance at 0x1d26b00>
To be detected: vision/colorblob/rag4_targets.pkl
{'outputres': '160x120', 'video_source': 'naovideo', 'trainable': 'True', 'nao': '129.125.178.233', 'denoise_value': 5, 'port': 'Vision_51213', 'host': 'localhost', 'camera': 1, 'frequency': 10, 'targets': 'vision/colorblob/rag4_targets.pkl', 'inputres': '160x120'}
[2013-03-06 16:32:29,692][Borg.Brain.Util.IOPoll] INFO: Using epoll for IO Polls
[2013-03-06 16:32:29,692][Borg.Brain.Util.IOPoll] INFO: Set epoll to Edge Triggered mode
[2013-03-06 16:32:29,693][Borg.Brain.Util.IOManager] DEBUG: Registering disconnected IOWrapper
[2013-03-06 16:32:29,702][Borg.Brain.Util.IOManager] INFO: IOManager started
Traceback (most recent call last):
  File "/home/student/sudo/brain/src/vision/blobdetector_new.py", line 470, in <module>
    tbd = tbd, trainable = trainable, denoise_value = denoise_value, frequency = frequency)
  File "/home/student/sudo/brain/src/vision/blobdetector_new.py", line 60, in __init__
    input_data = open(tbd)
IOError: [Errno 2] No such file or directory: 'vision/colorblob/rag4_targets.pkl'
[2013-03-06 16:32:29,793][Borg.Brain.Util.IOManager] DEBUG: Registering IOWrapper with file descriptor 7
[2013-03-06 16:32:29,793][Borg.Brain.Util.IOManager] INFO: Parent thread ended. Stopping IOManager.
[2013-03-06 16:32:29,793][Borg.Brain.Util.IOManager] DEBUG: Unregistering IOWrapper with file descriptor 7
[2013-03-06 16:32:29,793][Borg.Brain.Util.ThreadedSocket] INFO: Closed Unix Domain Socket connection to /tmp/VideoManager
[2013-03-06 16:32:29,793][Borg.Brain.Util.IOManager] INFO: Closed 1 IOWrappers
[2013-03-06 16:32:29,794][Borg.Brain.Util.IOManager] DEBUG: Savings of wakeup pipe: 0.000000 seconds
[2013-03-06 16:32:29,794][Borg.Brain.Util.IOManager] INFO: IOManager stopped

---- PROCESS STARTING ON: Wed, 06 Mar 2013 15:32:39 +0000 ----

<configparse.ParameterDict instance at 0x20bab00>
To be detected: vision/colorblob/rag4_targets.pkl
{'outputres': '160x120', 'video_source': 'naovideo', 'trainable': 'True', 'nao': '129.125.178.233', 'denoise_value': 5, 'port': 'Vision_51213', 'host': 'localhost', 'camera': 1, 'frequency': 10, 'targets': 'vision/colorblob/rag4_targets.pkl', 'inputres': '160x120'}
[2013-03-06 16:32:39,614][Borg.Brain.Util.IOPoll] INFO: Using epoll for IO Polls
[2013-03-06 16:32:39,614][Borg.Brain.Util.IOPoll] INFO: Set epoll to Edge Triggered mode
[2013-03-06 16:32:39,614][Borg.Brain.Util.IOManager] INFO: IOManager started
[2013-03-06 16:32:39,614][Borg.Brain.Util.IOManager] DEBUG: Registering disconnected IOWrapper
Traceback (most recent call last):
  File "/home/student/sudo/brain/src/vision/blobdetector_new.py", line 470, in <module>
    tbd = tbd, trainable = trainable, denoise_value = denoise_value, frequency = frequency)
  File "/home/student/sudo/brain/src/vision/blobdetector_new.py", line 60, in __init__
    input_data = open(tbd)
IOError: [Errno 2] No such file or directory: 'vision/colorblob/rag4_targets.pkl'
[2013-03-06 16:32:39,813][Borg.Brain.Util.IOManager] DEBUG: Registering IOWrapper with file descriptor 7
[2013-03-06 16:32:39,813][Borg.Brain.Util.IOManager] INFO: Parent thread ended. Stopping IOManager.
[2013-03-06 16:32:39,813][Borg.Brain.Util.IOManager] DEBUG: Unregistering IOWrapper with file descriptor 7
[2013-03-06 16:32:39,814][Borg.Brain.Util.ThreadedSocket] INFO: Closed Unix Domain Socket connection to /tmp/VideoManager
[2013-03-06 16:32:39,814][Borg.Brain.Util.IOManager] INFO: Closed 1 IOWrappers
[2013-03-06 16:32:39,814][Borg.Brain.Util.IOManager] DEBUG: Savings of wakeup pipe: 0.000000 seconds
[2013-03-06 16:32:39,814][Borg.Brain.Util.IOManager] INFO: IOManager stopped

---- PROCESS STARTING ON: Wed, 06 Mar 2013 15:32:49 +0000 ----

<configparse.ParameterDict instance at 0x2fc1b00>
To be detected: vision/colorblob/rag4_targets.pkl
{'outputres': '160x120', 'video_source': 'naovideo', 'trainable': 'True', 'nao': '129.125.178.233', 'denoise_value': 5, 'port': 'Vision_51213', 'host': 'localhost', 'camera': 1, 'frequency': 10, 'targets': 'vision/colorblob/rag4_targets.pkl', 'inputres': '160x120'}
[2013-03-06 16:32:49,761][Borg.Brain.Util.IOPoll] INFO: Using epoll for IO Polls
[2013-03-06 16:32:49,761][Borg.Brain.Util.IOPoll] INFO: Set epoll to Edge Triggered mode
[2013-03-06 16:32:49,762][Borg.Brain.Util.IOManager] INFO: IOManager started
[2013-03-06 16:32:49,762][Borg.Brain.Util.IOManager] DEBUG: Registering disconnected IOWrapper
Traceback (most recent call last):
  File "/home/student/sudo/brain/src/vision/blobdetector_new.py", line 470, in <module>
    tbd = tbd, trainable = trainable, denoise_value = denoise_value, frequency = frequency)
  File "/home/student/sudo/brain/src/vision/blobdetector_new.py", line 60, in __init__
    input_data = open(tbd)
IOError: [Errno 2] No such file or directory: 'vision/colorblob/rag4_targets.pkl'
[2013-03-06 16:32:49,960][Borg.Brain.Util.IOManager] DEBUG: Registering IOWrapper with file descriptor 7
[2013-03-06 16:32:49,961][Borg.Brain.Util.IOManager] INFO: Parent thread ended. Stopping IOManager.
[2013-03-06 16:32:49,961][Borg.Brain.Util.IOManager] DEBUG: Unregistering IOWrapper with file descriptor 7
[2013-03-06 16:32:49,961][Borg.Brain.Util.ThreadedSocket] INFO: Closed Unix Domain Socket connection to /tmp/VideoManager
[2013-03-06 16:32:49,961][Borg.Brain.Util.IOManager] INFO: Closed 1 IOWrappers
[2013-03-06 16:32:49,961][Borg.Brain.Util.IOManager] DEBUG: Savings of wakeup pipe: 0.000000 seconds
[2013-03-06 16:32:49,961][Borg.Brain.Util.IOManager] INFO: IOManager stopped

---- PROCESS STARTING ON: Wed, 06 Mar 2013 15:32:59 +0000 ----

<configparse.ParameterDict instance at 0x2e25b00>
To be detected: vision/colorblob/rag4_targets.pkl
{'outputres': '160x120', 'video_source': 'naovideo', 'trainable': 'True', 'nao': '129.125.178.233', 'denoise_value': 5, 'port': 'Vision_51213', 'host': 'localhost', 'camera': 1, 'frequency': 10, 'targets': 'vision/colorblob/rag4_targets.pkl', 'inputres': '160x120'}
[2013-03-06 16:32:59,761][Borg.Brain.Util.IOPoll] INFO: Using epoll for IO Polls
[2013-03-06 16:32:59,761][Borg.Brain.Util.IOPoll] INFO: Set epoll to Edge Triggered mode
[2013-03-06 16:32:59,761][Borg.Brain.Util.IOManager] INFO: IOManager started
[2013-03-06 16:32:59,761][Borg.Brain.Util.IOManager] DEBUG: Registering disconnected IOWrapper
Traceback (most recent call last):
  File "/home/student/sudo/brain/src/vision/blobdetector_new.py", line 470, in <module>
    tbd = tbd, trainable = trainable, denoise_value = denoise_value, frequency = frequency)
  File "/home/student/sudo/brain/src/vision/blobdetector_new.py", line 60, in __init__
    input_data = open(tbd)
IOError: [Errno 2] No such file or directory: 'vision/colorblob/rag4_targets.pkl'
[2013-03-06 16:32:59,960][Borg.Brain.Util.IOManager] DEBUG: Registering IOWrapper with file descriptor 7
[2013-03-06 16:32:59,960][Borg.Brain.Util.IOManager] INFO: Parent thread ended. Stopping IOManager.
[2013-03-06 16:32:59,961][Borg.Brain.Util.IOManager] DEBUG: Unregistering IOWrapper with file descriptor 7
[2013-03-06 16:32:59,961][Borg.Brain.Util.ThreadedSocket] INFO: Closed Unix Domain Socket connection to /tmp/VideoManager
[2013-03-06 16:32:59,961][Borg.Brain.Util.IOManager] INFO: Closed 1 IOWrappers
[2013-03-06 16:32:59,961][Borg.Brain.Util.IOManager] DEBUG: Savings of wakeup pipe: 0.000000 seconds
[2013-03-06 16:32:59,961][Borg.Brain.Util.IOManager] INFO: IOManager stopped
